#
# A fatal error has been detected by the Java Runtime Environment:
#
#  EXCEPTION_ACCESS_VIOLATION (0xc0000005) at pc=0x65404645, pid=4252, tid=7852
#
# JRE version: 6.0_24-b07
# Java VM: Java HotSpot(TM) Client VM (19.1-b02 mixed mode, sharing windows-x86 )
# Problematic frame:
# C  [QtGui4.dll+0x404645]
#
# If you would like to submit a bug report, please visit:
#   http://java.sun.com/webapps/bugreport/crash.jsp
# The crash happened outside the Java Virtual Machine in native code.
# See problematic frame for where to report the bug.
#

---------------  T H R E A D  ---------------

Current thread (0x01269c00):  JavaThread "main" [_thread_in_native, id=7852, stack(0x00340000,0x00390000)]

siginfo: ExceptionCode=0xc0000005, reading address 0x00000009

Registers:
EAX=0x06181d44, EBX=0x00000000, ECX=0x042d0890, EDX=0x00000001
ESP=0x0038b37c, EBP=0x00000000, ESI=0x00000002, EDI=0x068974a0
EIP=0x65404645, EFLAGS=0x00010246

Register to memory mapping:

EAX=0x06181d44
0x06181d44 is pointing to unknown location

EBX=0x00000000
0x00000000 is pointing to unknown location

ECX=0x042d0890
0x042d0890 is pointing to unknown location

EDX=0x00000001
0x00000001 is pointing to unknown location

ESP=0x0038b37c
0x0038b37c is pointing into the stack for thread: 0x01269c00
"main" prio=6 tid=0x01269c00 nid=0x1eac runnable [0x0038b000]
   java.lang.Thread.State: RUNNABLE

EBP=0x00000000
0x00000000 is pointing to unknown location

ESI=0x00000002
0x00000002 is pointing to unknown location

EDI=0x068974a0
0x068974a0 is pointing to unknown location


Top of Stack: (sp=0x0038b37c)
0x0038b37c:   39d40d1a 04ab3130 0038b43c 04ab3130
0x0038b38c:   00000000 00000000 0038b3e4 654e38f9
0x0038b39c:   ffffffff 654047dc 0038b43c 0038b42c
0x0038b3ac:   0038b43c 00000000 047066a3 0038b43c
0x0038b3bc:   0038b42c 39d2eca4 0038b484 068908f8
0x0038b3cc:   00000000 00000000 0038b460 654debf8
0x0038b3dc:   00000000 653e441a 0038b460 047cc8f9
0x0038b3ec:   ffffffff 65408d71 0038b43c 0038b42c 

Instructions: (pc=0x65404645)
0x65404635:   28 4f 65 eb 3c 8b 50 08 8b 42 14 8b 78 fc 8b 17
0x65404645:   3b 72 08 7d 29 8b 7f 04 3b 5f 08 7d 21 8b 54 b2 


Stack: [0x00340000,0x00390000],  sp=0x0038b37c,  free space=300k
Native frames: (J=compiled Java code, j=interpreted, Vv=VM code, C=native code)
C  [QtGui4.dll+0x404645]

[error occurred during error reporting (printing native stack), id 0xc0000005]

Java frames: (J=compiled Java code, j=interpreted, Vv=VM code)
j  com.trolltech.qt.core.QAbstractItemModel.__qt_layoutAboutToBeChanged(J)V+0
j  com.trolltech.qt.core.QAbstractItemModel.layoutAboutToBeChanged()V+51
v  ~StubRoutines::call_stub
j  sun.reflect.NativeMethodAccessorImpl.invoke0(Ljava/lang/reflect/Method;Ljava/lang/Object;[Ljava/lang/Object;)Ljava/lang/Object;+0
j  sun.reflect.NativeMethodAccessorImpl.invoke(Ljava/lang/Object;[Ljava/lang/Object;)Ljava/lang/Object;+87
j  sun.reflect.DelegatingMethodAccessorImpl.invoke(Ljava/lang/Object;[Ljava/lang/Object;)Ljava/lang/Object;+6
j  java.lang.reflect.Method.invoke(Ljava/lang/Object;[Ljava/lang/Object;)Ljava/lang/Object;+161
j  com.trolltech.qt.internal.QSignalEmitterInternal$AbstractSignalInternal.emit_helper([Ljava/lang/Object;)V+464
j  com.trolltech.qt.QSignalEmitter$Signal0.emit()V+5
j  ch.hsr.waktu.presentation.view.usermanagment.UserDetails.textFilterChanged()V+15
v  ~StubRoutines::call_stub
j  sun.reflect.NativeMethodAccessorImpl.invoke0(Ljava/lang/reflect/Method;Ljava/lang/Object;[Ljava/lang/Object;)Ljava/lang/Object;+0
j  sun.reflect.NativeMethodAccessorImpl.invoke(Ljava/lang/Object;[Ljava/lang/Object;)Ljava/lang/Object;+87
j  sun.reflect.DelegatingMethodAccessorImpl.invoke(Ljava/lang/Object;[Ljava/lang/Object;)Ljava/lang/Object;+6
j  java.lang.reflect.Method.invoke(Ljava/lang/Object;[Ljava/lang/Object;)Ljava/lang/Object;+161
j  com.trolltech.qt.internal.QSignalEmitterInternal$AbstractSignalInternal.emit_helper([Ljava/lang/Object;)V+464
j  com.trolltech.qt.QSignalEmitter$Signal1.emit(Ljava/lang/Object;)V+9
v  ~StubRoutines::call_stub
j  com.trolltech.qt.gui.QApplication.exec()I+0
j  ch.hsr.waktu.application.WaktuApplication.main([Ljava/lang/String;)V+38
v  ~StubRoutines::call_stub

---------------  P R O C E S S  ---------------

Java Threads: ( => current thread )
  0x01a4c800 JavaThread "Thread-0" daemon [_thread_blocked, id=6164, stack(0x04080000,0x040d0000)]
  0x019f4400 JavaThread "Low Memory Detector" daemon [_thread_blocked, id=7292, stack(0x03de0000,0x03e30000)]
  0x019e8c00 JavaThread "CompilerThread0" daemon [_thread_blocked, id=6304, stack(0x03d90000,0x03de0000)]
  0x019e7c00 JavaThread "Attach Listener" daemon [_thread_blocked, id=4724, stack(0x03d40000,0x03d90000)]
  0x019e6c00 JavaThread "Signal Dispatcher" daemon [_thread_blocked, id=7384, stack(0x03cf0000,0x03d40000)]
  0x019e0800 JavaThread "Finalizer" daemon [_thread_blocked, id=3508, stack(0x03ca0000,0x03cf0000)]
  0x019dbc00 JavaThread "Reference Handler" daemon [_thread_blocked, id=7704, stack(0x03c50000,0x03ca0000)]
=>0x01269c00 JavaThread "main" [_thread_in_native, id=7852, stack(0x00340000,0x00390000)]

Other Threads:
  0x019a0000 VMThread [stack: 0x03c00000,0x03c50000] [id=8120]
  0x019f6000 WatcherThread [stack: 0x03e30000,0x03e80000] [id=4380]

VM state:not at safepoint (normal execution)

VM Mutex/Monitor currently owned by a thread: None

Heap
 def new generation   total 8960K, used 1607K [0x23b40000, 0x244f0000, 0x29090000)
  eden space 8000K,  10% used [0x23b40000, 0x23c12fd8, 0x24310000)
  from space 960K,  79% used [0x24310000, 0x243cf018, 0x24400000)
  to   space 960K,   0% used [0x24400000, 0x24400000, 0x244f0000)
 tenured generation   total 19772K, used 13720K [0x29090000, 0x2a3df000, 0x33b40000)
   the space 19772K,  69% used [0x29090000, 0x29df61d0, 0x29df6200, 0x2a3df000)
 compacting perm gen  total 17408K, used 17171K [0x33b40000, 0x34c40000, 0x37b40000)
   the space 17408K,  98% used [0x33b40000, 0x34c04f18, 0x34c05000, 0x34c40000)
    ro space 10240K,  51% used [0x37b40000, 0x3806cf58, 0x3806d000, 0x38540000)
    rw space 12288K,  54% used [0x38540000, 0x38bd8f50, 0x38bd9000, 0x39140000)

Dynamic libraries:
0x00400000 - 0x00424000 	C:\Program Files\Java\jre6\bin\javaw.exe
0x77820000 - 0x7795d000 	C:\Windows\SYSTEM32\ntdll.dll
0x77960000 - 0x77a34000 	C:\Windows\system32\kernel32.dll
0x75b00000 - 0x75b4a000 	C:\Windows\system32\KERNELBASE.dll
0x77180000 - 0x77220000 	C:\Windows\system32\ADVAPI32.dll
0x75f30000 - 0x75fdc000 	C:\Windows\system32\msvcrt.dll
0x75cf0000 - 0x75d09000 	C:\Windows\SYSTEM32\sechost.dll
0x75e80000 - 0x75f21000 	C:\Windows\system32\RPCRT4.dll
0x76270000 - 0x76339000 	C:\Windows\system32\USER32.dll
0x77220000 - 0x7726e000 	C:\Windows\system32\GDI32.dll
0x76260000 - 0x7626a000 	C:\Windows\system32\LPK.dll
0x75d10000 - 0x75dad000 	C:\Windows\system32\USP10.dll
0x77270000 - 0x7728f000 	C:\Windows\system32\IMM32.DLL
0x770b0000 - 0x7717c000 	C:\Windows\system32\MSCTF.dll
0x7c340000 - 0x7c396000 	C:\Program Files\Java\jre6\bin\msvcr71.dll
0x6d7f0000 - 0x6da96000 	C:\Program Files\Java\jre6\bin\client\jvm.dll
0x73f90000 - 0x73fc2000 	C:\Windows\system32\WINMM.dll
0x758a0000 - 0x758eb000 	C:\Windows\system32\apphelp.dll
0x6d7a0000 - 0x6d7ac000 	C:\Program Files\Java\jre6\bin\verify.dll
0x6d320000 - 0x6d33f000 	C:\Program Files\Java\jre6\bin\java.dll
0x6d280000 - 0x6d288000 	C:\Program Files\Java\jre6\bin\hpi.dll
0x77a40000 - 0x77a45000 	C:\Windows\system32\PSAPI.DLL
0x6d7e0000 - 0x6d7ef000 	C:\Program Files\Java\jre6\bin\zip.dll
0x67000000 - 0x671f3000 	C:\Program Files\QTJambi\bin\QtCore4.dll
0x77320000 - 0x7747c000 	C:\Windows\system32\ole32.dll
0x75fe0000 - 0x76015000 	C:\Windows\system32\WS2_32.dll
0x763a0000 - 0x763a6000 	C:\Windows\system32\NSI.dll
0x713f0000 - 0x71477000 	C:\Windows\WinSxS\x86_microsoft.vc80.crt_1fc8b3b9a1e18e3b_8.0.50727.4927_none_d08a205e442db5b5\MSVCP80.dll
0x71350000 - 0x713eb000 	C:\Windows\WinSxS\x86_microsoft.vc80.crt_1fc8b3b9a1e18e3b_8.0.50727.4927_none_d08a205e442db5b5\MSVCR80.dll
0x10000000 - 0x10034000 	C:\Program Files\QTJambi\bin\qtjambi.dll
0x042e0000 - 0x043a0000 	C:\Program Files\QTJambi\bin\com_trolltech_qt_core.dll
0x65000000 - 0x65753000 	C:\Program Files\QTJambi\bin\QtGui4.dll
0x75c70000 - 0x75ceb000 	C:\Windows\system32\comdlg32.dll
0x77000000 - 0x77057000 	C:\Windows\system32\SHLWAPI.dll
0x74690000 - 0x7482e000 	C:\Windows\WinSxS\x86_microsoft.windows.common-controls_6595b64144ccf1df_6.0.7600.16661_none_420fe3fa2b8113bd\COMCTL32.dll
0x763b0000 - 0x76ff9000 	C:\Windows\system32\SHELL32.dll
0x75df0000 - 0x75e7f000 	C:\Windows\system32\OLEAUT32.dll
0x731a0000 - 0x731f1000 	C:\Windows\system32\WINSPOOL.DRV
0x04550000 - 0x04a30000 	C:\Program Files\QTJambi\bin\com_trolltech_qt_gui.dll
0x74250000 - 0x74290000 	C:\Windows\system32\uxtheme.dll
0x73eb0000 - 0x73ec3000 	C:\Windows\system32\dwmapi.dll
0x758f0000 - 0x758fc000 	C:\Windows\system32\CRYPTBASE.dll
0x6d600000 - 0x6d613000 	C:\Program Files\Java\jre6\bin\net.dll
0x75480000 - 0x754bc000 	C:\Windows\system32\mswsock.dll
0x75470000 - 0x75476000 	C:\Windows\System32\wship6.dll
0x74c90000 - 0x74ca0000 	C:\Windows\system32\NLAapi.dll
0x75340000 - 0x75384000 	C:\Windows\system32\DNSAPI.dll
0x711f0000 - 0x711f8000 	C:\Windows\System32\winrnr.dll
0x711e0000 - 0x711f0000 	C:\Windows\system32\napinsp.dll
0x711c0000 - 0x711d2000 	C:\Windows\system32\pnrpnsp.dll
0x711b0000 - 0x711bd000 	C:\Windows\system32\wshbth.dll
0x71180000 - 0x711a5000 	C:\Program Files\Bonjour\mdnsNSP.dll
0x74600000 - 0x7461c000 	C:\Windows\system32\Iphlpapi.DLL
0x745f0000 - 0x745f7000 	C:\Windows\system32\WINNSI.DLL
0x74eb0000 - 0x74eb5000 	C:\Windows\System32\wshtcpip.dll
0x71170000 - 0x71176000 	C:\Windows\system32\rasadhlp.dll
0x730a0000 - 0x730d8000 	C:\Windows\System32\fwpuclnt.dll
0x74fd0000 - 0x74fe7000 	C:\Windows\system32\userenv.DLL
0x75970000 - 0x7597b000 	C:\Windows\system32\profapi.dll
0x754c0000 - 0x754d6000 	C:\Windows\system32\CRYPTSP.dll
0x75260000 - 0x7529b000 	C:\Windows\system32\rsaenh.dll
0x75960000 - 0x7596e000 	C:\Windows\system32\RpcRtRemote.dll
0x043a0000 - 0x043b2000 	C:\Program Files\Lenovo\HOTKEY\hkvolkey.DLL

VM Arguments:
jvm_args: -Dfile.encoding=Cp1252 
java_command: ch.hsr.waktu.application.WaktuApplication
Launcher Type: SUN_STANDARD

Environment Variables:
CLASSPATH=.;C:\Program Files\Java\jre6\lib\ext\QTJava.zip
PATH=C:/Program Files/Java/jre6/bin/client;C:/Program Files/Java/jre6/bin;C:/Program Files/Java/jre6/lib/i386;C:\Windows\system32;C:\Windows;C:\Windows\System32\Wbem;C:\Windows\System32\WindowsPowerShell\v1.0\;C:\Program Files\Intel\WiFi\bin\;C:\Program Files\Common Files\Intel\WirelessCommon\;C:\Program Files\ATI Technologies\ATI.ACE\Core-Static;c:\cygwin\usr\local\bin\;C:\Program Files\QuickTime\QTSystem\;C:\Program Files\QTJambi\bin;C:\Program Files\OpenVPN\bin;C:\Program Files\Eclipse JDT;
USERNAME=simon.staeheli
OS=Windows_NT
PROCESSOR_IDENTIFIER=x86 Family 6 Model 23 Stepping 6, GenuineIntel



---------------  S Y S T E M  ---------------

OS: Windows 7 Build 7600 

CPU:total 2 (2 cores per cpu, 1 threads per core) family 6 model 23 stepping 6, cmov, cx8, fxsr, mmx, sse, sse2, sse3, ssse3, sse4.1

Memory: 4k page, physical 3139612k(1274812k free), swap 6277460k(4157200k free)

vm_info: Java HotSpot(TM) Client VM (19.1-b02) for windows-x86 JRE (1.6.0_24-b07), built on Feb  2 2011 17:44:41 by "java_re" with MS VC++ 7.1 (VS2003)

time: Fri Apr 01 13:35:38 2011
elapsed time: 22 seconds

