2011-04-07 19:57:42,139 [Thread-1] INFO  root - Initialize Application
2011-04-07 19:57:56,239 [Thread-1] INFO  root - Initialize Application
2011-04-07 19:58:10,547 [Thread-1] INFO  root - Initialize Application
2011-04-07 19:58:23,373 [Thread-1] INFO  root - Initialize Application
2011-04-07 19:58:37,476 [Thread-1] INFO  root - Initialize Application
2011-04-07 19:58:47,102 [Thread-1] INFO  root - Initialize Application
2011-04-07 19:58:58,920 [Thread-1] INFO  root - Initialize Application
2011-04-07 20:05:02,777 [Thread-1] INFO  root - Initialize Application
2011-04-07 20:05:20,964 [Thread-1] INFO  root - Initialize Application
2011-04-07 20:06:23,233 [Thread-1] INFO  root - Initialize Application
2011-04-07 20:07:37,226 [Thread-1] INFO  root - Initialize Application
2011-04-07 20:07:44,777 [Thread-1] INFO  ch.hsr.waktu.controller.ProjectController - constructor
2011-04-07 20:07:46,965 [Thread-1] INFO  ch.hsr.waktu.controller.UserController - name0 Fredi
2011-04-07 20:07:46,965 [Thread-1] INFO  ch.hsr.waktu.controller.UserController - Eichmann Simona
2011-04-07 20:07:46,965 [Thread-1] INFO  ch.hsr.waktu.controller.UserController - name0 firstname0
2011-04-07 20:07:46,965 [Thread-1] INFO  ch.hsr.waktu.controller.UserController - Heer Theo
2011-04-07 20:07:46,965 [Thread-1] INFO  ch.hsr.waktu.controller.UserController - Fisler dd
2011-04-07 20:07:46,965 [Thread-1] INFO  ch.hsr.waktu.controller.UserController - Testuser1 testuser2
2011-04-07 20:07:46,965 [Thread-1] INFO  ch.hsr.waktu.controller.UserController - Simoooon Stäheli
2011-04-07 20:07:46,990 [Thread-1] INFO  ch.hsr.waktu.controller.UserController - name0 Fredi
2011-04-07 20:07:46,990 [Thread-1] INFO  ch.hsr.waktu.controller.UserController - Eichmann Simona
2011-04-07 20:07:46,990 [Thread-1] INFO  ch.hsr.waktu.controller.UserController - name0 firstname0
2011-04-07 20:07:46,990 [Thread-1] INFO  ch.hsr.waktu.controller.UserController - Heer Theo
2011-04-07 20:07:46,990 [Thread-1] INFO  ch.hsr.waktu.controller.UserController - Fisler dd
2011-04-07 20:07:46,990 [Thread-1] INFO  ch.hsr.waktu.controller.UserController - Testuser1 testuser2
2011-04-07 20:07:46,990 [Thread-1] INFO  ch.hsr.waktu.controller.UserController - Simoooon Stäheli
2011-04-07 20:07:47,014 [Thread-1] INFO  ch.hsr.waktu.controller.UserController - name0 Fredi
2011-04-07 20:07:47,014 [Thread-1] INFO  ch.hsr.waktu.controller.UserController - Eichmann Simona
2011-04-07 20:07:47,014 [Thread-1] INFO  ch.hsr.waktu.controller.UserController - name0 firstname0
2011-04-07 20:07:47,014 [Thread-1] INFO  ch.hsr.waktu.controller.UserController - Heer Theo
2011-04-07 20:07:47,014 [Thread-1] INFO  ch.hsr.waktu.controller.UserController - Fisler dd
2011-04-07 20:07:47,014 [Thread-1] INFO  ch.hsr.waktu.controller.UserController - Testuser1 testuser2
2011-04-07 20:07:47,014 [Thread-1] INFO  ch.hsr.waktu.controller.UserController - Simoooon Stäheli
2011-04-07 20:07:47,042 [Thread-1] INFO  ch.hsr.waktu.controller.UserController - name0 Fredi
2011-04-07 20:07:47,042 [Thread-1] INFO  ch.hsr.waktu.controller.UserController - Eichmann Simona
2011-04-07 20:07:47,042 [Thread-1] INFO  ch.hsr.waktu.controller.UserController - name0 firstname0
2011-04-07 20:07:47,043 [Thread-1] INFO  ch.hsr.waktu.controller.UserController - Heer Theo
2011-04-07 20:07:47,043 [Thread-1] INFO  ch.hsr.waktu.controller.UserController - Fisler dd
2011-04-07 20:07:47,043 [Thread-1] INFO  ch.hsr.waktu.controller.UserController - Testuser1 testuser2
2011-04-07 20:07:47,043 [Thread-1] INFO  ch.hsr.waktu.controller.UserController - Simoooon Stäheli
2011-04-07 20:07:47,069 [Thread-1] INFO  ch.hsr.waktu.controller.UserController - name0 Fredi
2011-04-07 20:07:47,069 [Thread-1] INFO  ch.hsr.waktu.controller.UserController - Eichmann Simona
2011-04-07 20:07:47,069 [Thread-1] INFO  ch.hsr.waktu.controller.UserController - name0 firstname0
2011-04-07 20:07:47,070 [Thread-1] INFO  ch.hsr.waktu.controller.UserController - Heer Theo
2011-04-07 20:07:47,070 [Thread-1] INFO  ch.hsr.waktu.controller.UserController - Fisler dd
2011-04-07 20:07:47,070 [Thread-1] INFO  ch.hsr.waktu.controller.UserController - Testuser1 testuser2
2011-04-07 20:07:47,146 [Thread-1] INFO  ch.hsr.waktu.controller.UserController - Simoooon Stäheli
2011-04-07 20:07:47,171 [Thread-1] INFO  ch.hsr.waktu.controller.UserController - name0 Fredi
2011-04-07 20:07:47,171 [Thread-1] INFO  ch.hsr.waktu.controller.UserController - Eichmann Simona
2011-04-07 20:07:47,171 [Thread-1] INFO  ch.hsr.waktu.controller.UserController - name0 firstname0
2011-04-07 20:07:47,171 [Thread-1] INFO  ch.hsr.waktu.controller.UserController - Heer Theo
2011-04-07 20:07:47,171 [Thread-1] INFO  ch.hsr.waktu.controller.UserController - Fisler dd
2011-04-07 20:07:47,171 [Thread-1] INFO  ch.hsr.waktu.controller.UserController - Testuser1 testuser2
2011-04-07 20:07:47,171 [Thread-1] INFO  ch.hsr.waktu.controller.UserController - Simoooon Stäheli
2011-04-07 20:07:47,196 [Thread-1] INFO  ch.hsr.waktu.controller.UserController - name0 Fredi
2011-04-07 20:07:47,196 [Thread-1] INFO  ch.hsr.waktu.controller.UserController - Eichmann Simona
2011-04-07 20:07:47,196 [Thread-1] INFO  ch.hsr.waktu.controller.UserController - name0 firstname0
2011-04-07 20:07:47,196 [Thread-1] INFO  ch.hsr.waktu.controller.UserController - Heer Theo
2011-04-07 20:07:47,196 [Thread-1] INFO  ch.hsr.waktu.controller.UserController - Fisler dd
2011-04-07 20:07:47,196 [Thread-1] INFO  ch.hsr.waktu.controller.UserController - Testuser1 testuser2
2011-04-07 20:07:47,196 [Thread-1] INFO  ch.hsr.waktu.controller.UserController - Simoooon Stäheli
2011-04-07 20:07:47,219 [Thread-1] INFO  ch.hsr.waktu.controller.UserController - name0 Fredi
2011-04-07 20:07:47,220 [Thread-1] INFO  ch.hsr.waktu.controller.UserController - Eichmann Simona
2011-04-07 20:07:47,220 [Thread-1] INFO  ch.hsr.waktu.controller.UserController - name0 firstname0
2011-04-07 20:07:47,220 [Thread-1] INFO  ch.hsr.waktu.controller.UserController - Heer Theo
2011-04-07 20:07:47,220 [Thread-1] INFO  ch.hsr.waktu.controller.UserController - Fisler dd
2011-04-07 20:07:47,220 [Thread-1] INFO  ch.hsr.waktu.controller.UserController - Testuser1 testuser2
2011-04-07 20:07:47,220 [Thread-1] INFO  ch.hsr.waktu.controller.UserController - Simoooon Stäheli
2011-04-07 20:08:10,738 [Thread-1] INFO  ch.hsr.waktu.controller.UserController - name0 Fredi
2011-04-07 20:08:10,738 [Thread-1] INFO  ch.hsr.waktu.controller.UserController - Eichmann Simona
2011-04-07 20:08:10,738 [Thread-1] INFO  ch.hsr.waktu.controller.UserController - name0 firstname0
2011-04-07 20:08:10,738 [Thread-1] INFO  ch.hsr.waktu.controller.UserController - Heer Theo
2011-04-07 20:08:10,738 [Thread-1] INFO  ch.hsr.waktu.controller.UserController - Fisler dd
2011-04-07 20:08:10,738 [Thread-1] INFO  ch.hsr.waktu.controller.UserController - Testuser1 testuser2
2011-04-07 20:08:10,738 [Thread-1] INFO  ch.hsr.waktu.controller.UserController - Simoooon Stäheli
2011-04-07 20:08:10,763 [Thread-1] INFO  ch.hsr.waktu.controller.UserController - name0 Fredi
2011-04-07 20:08:10,763 [Thread-1] INFO  ch.hsr.waktu.controller.UserController - Eichmann Simona
2011-04-07 20:08:10,764 [Thread-1] INFO  ch.hsr.waktu.controller.UserController - name0 firstname0
2011-04-07 20:08:10,764 [Thread-1] INFO  ch.hsr.waktu.controller.UserController - Heer Theo
2011-04-07 20:08:10,764 [Thread-1] INFO  ch.hsr.waktu.controller.UserController - Fisler dd
2011-04-07 20:08:10,764 [Thread-1] INFO  ch.hsr.waktu.controller.UserController - Testuser1 testuser2
2011-04-07 20:08:10,764 [Thread-1] INFO  ch.hsr.waktu.controller.UserController - Simoooon Stäheli
2011-04-07 20:08:10,788 [Thread-1] INFO  ch.hsr.waktu.controller.UserController - name0 Fredi
2011-04-07 20:08:10,788 [Thread-1] INFO  ch.hsr.waktu.controller.UserController - Eichmann Simona
2011-04-07 20:08:10,788 [Thread-1] INFO  ch.hsr.waktu.controller.UserController - name0 firstname0
2011-04-07 20:08:10,788 [Thread-1] INFO  ch.hsr.waktu.controller.UserController - Heer Theo
2011-04-07 20:08:10,788 [Thread-1] INFO  ch.hsr.waktu.controller.UserController - Fisler dd
2011-04-07 20:08:10,788 [Thread-1] INFO  ch.hsr.waktu.controller.UserController - Testuser1 testuser2
2011-04-07 20:08:10,788 [Thread-1] INFO  ch.hsr.waktu.controller.UserController - Simoooon Stäheli
2011-04-07 20:08:10,811 [Thread-1] INFO  ch.hsr.waktu.controller.UserController - name0 Fredi
2011-04-07 20:08:10,811 [Thread-1] INFO  ch.hsr.waktu.controller.UserController - Eichmann Simona
2011-04-07 20:08:10,811 [Thread-1] INFO  ch.hsr.waktu.controller.UserController - name0 firstname0
2011-04-07 20:08:10,812 [Thread-1] INFO  ch.hsr.waktu.controller.UserController - Heer Theo
2011-04-07 20:08:10,812 [Thread-1] INFO  ch.hsr.waktu.controller.UserController - Fisler dd
2011-04-07 20:08:10,812 [Thread-1] INFO  ch.hsr.waktu.controller.UserController - Testuser1 testuser2
2011-04-07 20:08:10,812 [Thread-1] INFO  ch.hsr.waktu.controller.UserController - Simoooon Stäheli
2011-04-07 20:08:10,835 [Thread-1] INFO  ch.hsr.waktu.controller.UserController - name0 Fredi
2011-04-07 20:08:10,836 [Thread-1] INFO  ch.hsr.waktu.controller.UserController - Eichmann Simona
2011-04-07 20:08:10,836 [Thread-1] INFO  ch.hsr.waktu.controller.UserController - name0 firstname0
2011-04-07 20:08:10,836 [Thread-1] INFO  ch.hsr.waktu.controller.UserController - Heer Theo
2011-04-07 20:08:10,836 [Thread-1] INFO  ch.hsr.waktu.controller.UserController - Fisler dd
2011-04-07 20:08:10,836 [Thread-1] INFO  ch.hsr.waktu.controller.UserController - Testuser1 testuser2
2011-04-07 20:08:10,836 [Thread-1] INFO  ch.hsr.waktu.controller.UserController - Simoooon Stäheli
2011-04-07 20:08:10,860 [Thread-1] INFO  ch.hsr.waktu.controller.UserController - name0 Fredi
2011-04-07 20:08:10,860 [Thread-1] INFO  ch.hsr.waktu.controller.UserController - Eichmann Simona
2011-04-07 20:08:10,860 [Thread-1] INFO  ch.hsr.waktu.controller.UserController - name0 firstname0
2011-04-07 20:08:10,860 [Thread-1] INFO  ch.hsr.waktu.controller.UserController - Heer Theo
2011-04-07 20:08:10,860 [Thread-1] INFO  ch.hsr.waktu.controller.UserController - Fisler dd
2011-04-07 20:08:10,860 [Thread-1] INFO  ch.hsr.waktu.controller.UserController - Testuser1 testuser2
2011-04-07 20:08:10,860 [Thread-1] INFO  ch.hsr.waktu.controller.UserController - Simoooon Stäheli
2011-04-07 20:08:10,883 [Thread-1] INFO  ch.hsr.waktu.controller.UserController - name0 Fredi
2011-04-07 20:08:10,884 [Thread-1] INFO  ch.hsr.waktu.controller.UserController - Eichmann Simona
2011-04-07 20:08:10,884 [Thread-1] INFO  ch.hsr.waktu.controller.UserController - name0 firstname0
2011-04-07 20:08:10,884 [Thread-1] INFO  ch.hsr.waktu.controller.UserController - Heer Theo
2011-04-07 20:08:10,884 [Thread-1] INFO  ch.hsr.waktu.controller.UserController - Fisler dd
2011-04-07 20:08:10,884 [Thread-1] INFO  ch.hsr.waktu.controller.UserController - Testuser1 testuser2
2011-04-07 20:08:10,884 [Thread-1] INFO  ch.hsr.waktu.controller.UserController - Simoooon Stäheli
2011-04-07 20:08:10,908 [Thread-1] INFO  ch.hsr.waktu.controller.UserController - name0 Fredi
2011-04-07 20:08:10,908 [Thread-1] INFO  ch.hsr.waktu.controller.UserController - Eichmann Simona
2011-04-07 20:08:10,908 [Thread-1] INFO  ch.hsr.waktu.controller.UserController - name0 firstname0
2011-04-07 20:08:10,908 [Thread-1] INFO  ch.hsr.waktu.controller.UserController - Heer Theo
2011-04-07 20:08:10,908 [Thread-1] INFO  ch.hsr.waktu.controller.UserController - Fisler dd
2011-04-07 20:08:10,908 [Thread-1] INFO  ch.hsr.waktu.controller.UserController - Testuser1 testuser2
2011-04-07 20:08:10,908 [Thread-1] INFO  ch.hsr.waktu.controller.UserController - Simoooon Stäheli
2011-04-07 20:08:10,975 [Thread-1] INFO  ch.hsr.waktu.controller.UserController - name0 Fredi
2011-04-07 20:08:10,976 [Thread-1] INFO  ch.hsr.waktu.controller.UserController - Eichmann Simona
2011-04-07 20:08:10,976 [Thread-1] INFO  ch.hsr.waktu.controller.UserController - name0 firstname0
2011-04-07 20:08:10,976 [Thread-1] INFO  ch.hsr.waktu.controller.UserController - Heer Theo
2011-04-07 20:08:10,976 [Thread-1] INFO  ch.hsr.waktu.controller.UserController - Fisler dd
2011-04-07 20:08:10,976 [Thread-1] INFO  ch.hsr.waktu.controller.UserController - Testuser1 testuser2
2011-04-07 20:08:10,976 [Thread-1] INFO  ch.hsr.waktu.controller.UserController - Simoooon Stäheli
2011-04-07 20:08:10,999 [Thread-1] INFO  ch.hsr.waktu.controller.UserController - name0 Fredi
2011-04-07 20:08:10,999 [Thread-1] INFO  ch.hsr.waktu.controller.UserController - Eichmann Simona
2011-04-07 20:08:10,999 [Thread-1] INFO  ch.hsr.waktu.controller.UserController - name0 firstname0
2011-04-07 20:08:10,999 [Thread-1] INFO  ch.hsr.waktu.controller.UserController - Heer Theo
2011-04-07 20:08:10,999 [Thread-1] INFO  ch.hsr.waktu.controller.UserController - Fisler dd
2011-04-07 20:08:10,999 [Thread-1] INFO  ch.hsr.waktu.controller.UserController - Testuser1 testuser2
2011-04-07 20:08:11,000 [Thread-1] INFO  ch.hsr.waktu.controller.UserController - Simoooon Stäheli
2011-04-07 20:08:11,024 [Thread-1] INFO  ch.hsr.waktu.controller.UserController - name0 Fredi
2011-04-07 20:08:11,024 [Thread-1] INFO  ch.hsr.waktu.controller.UserController - Eichmann Simona
2011-04-07 20:08:11,024 [Thread-1] INFO  ch.hsr.waktu.controller.UserController - name0 firstname0
2011-04-07 20:08:11,024 [Thread-1] INFO  ch.hsr.waktu.controller.UserController - Heer Theo
2011-04-07 20:08:11,024 [Thread-1] INFO  ch.hsr.waktu.controller.UserController - Fisler dd
2011-04-07 20:08:11,024 [Thread-1] INFO  ch.hsr.waktu.controller.UserController - Testuser1 testuser2
2011-04-07 20:08:11,025 [Thread-1] INFO  ch.hsr.waktu.controller.UserController - Simoooon Stäheli
2011-04-07 20:08:11,048 [Thread-1] INFO  ch.hsr.waktu.controller.UserController - name0 Fredi
2011-04-07 20:08:11,048 [Thread-1] INFO  ch.hsr.waktu.controller.UserController - Eichmann Simona
2011-04-07 20:08:11,048 [Thread-1] INFO  ch.hsr.waktu.controller.UserController - name0 firstname0
2011-04-07 20:08:11,048 [Thread-1] INFO  ch.hsr.waktu.controller.UserController - Heer Theo
2011-04-07 20:08:11,048 [Thread-1] INFO  ch.hsr.waktu.controller.UserController - Fisler dd
2011-04-07 20:08:11,048 [Thread-1] INFO  ch.hsr.waktu.controller.UserController - Testuser1 testuser2
2011-04-07 20:08:11,048 [Thread-1] INFO  ch.hsr.waktu.controller.UserController - Simoooon Stäheli
2011-04-07 20:08:11,070 [Thread-1] INFO  ch.hsr.waktu.controller.UserController - name0 Fredi
2011-04-07 20:08:11,071 [Thread-1] INFO  ch.hsr.waktu.controller.UserController - Eichmann Simona
2011-04-07 20:08:11,071 [Thread-1] INFO  ch.hsr.waktu.controller.UserController - name0 firstname0
2011-04-07 20:08:11,071 [Thread-1] INFO  ch.hsr.waktu.controller.UserController - Heer Theo
2011-04-07 20:08:11,071 [Thread-1] INFO  ch.hsr.waktu.controller.UserController - Fisler dd
2011-04-07 20:08:11,071 [Thread-1] INFO  ch.hsr.waktu.controller.UserController - Testuser1 testuser2
2011-04-07 20:08:11,071 [Thread-1] INFO  ch.hsr.waktu.controller.UserController - Simoooon Stäheli
2011-04-07 20:08:11,095 [Thread-1] INFO  ch.hsr.waktu.controller.UserController - name0 Fredi
2011-04-07 20:08:11,095 [Thread-1] INFO  ch.hsr.waktu.controller.UserController - Eichmann Simona
2011-04-07 20:08:11,096 [Thread-1] INFO  ch.hsr.waktu.controller.UserController - name0 firstname0
2011-04-07 20:08:11,096 [Thread-1] INFO  ch.hsr.waktu.controller.UserController - Heer Theo
2011-04-07 20:08:11,096 [Thread-1] INFO  ch.hsr.waktu.controller.UserController - Fisler dd
2011-04-07 20:08:11,096 [Thread-1] INFO  ch.hsr.waktu.controller.UserController - Testuser1 testuser2
2011-04-07 20:08:11,096 [Thread-1] INFO  ch.hsr.waktu.controller.UserController - Simoooon Stäheli
2011-04-07 20:08:11,119 [Thread-1] INFO  ch.hsr.waktu.controller.UserController - name0 Fredi
2011-04-07 20:08:11,119 [Thread-1] INFO  ch.hsr.waktu.controller.UserController - Eichmann Simona
2011-04-07 20:08:11,119 [Thread-1] INFO  ch.hsr.waktu.controller.UserController - name0 firstname0
2011-04-07 20:08:11,119 [Thread-1] INFO  ch.hsr.waktu.controller.UserController - Heer Theo
2011-04-07 20:08:11,119 [Thread-1] INFO  ch.hsr.waktu.controller.UserController - Fisler dd
2011-04-07 20:08:11,119 [Thread-1] INFO  ch.hsr.waktu.controller.UserController - Testuser1 testuser2
2011-04-07 20:08:11,119 [Thread-1] INFO  ch.hsr.waktu.controller.UserController - Simoooon Stäheli
2011-04-07 20:08:11,143 [Thread-1] INFO  ch.hsr.waktu.controller.UserController - name0 Fredi
2011-04-07 20:08:11,143 [Thread-1] INFO  ch.hsr.waktu.controller.UserController - Eichmann Simona
2011-04-07 20:08:11,143 [Thread-1] INFO  ch.hsr.waktu.controller.UserController - name0 firstname0
2011-04-07 20:08:11,143 [Thread-1] INFO  ch.hsr.waktu.controller.UserController - Heer Theo
2011-04-07 20:08:11,143 [Thread-1] INFO  ch.hsr.waktu.controller.UserController - Fisler dd
2011-04-07 20:08:11,143 [Thread-1] INFO  ch.hsr.waktu.controller.UserController - Testuser1 testuser2
2011-04-07 20:08:11,143 [Thread-1] INFO  ch.hsr.waktu.controller.UserController - Simoooon Stäheli
2011-04-07 20:08:11,228 [Thread-1] INFO  ch.hsr.waktu.controller.UserController - name0 Fredi
2011-04-07 20:08:11,228 [Thread-1] INFO  ch.hsr.waktu.controller.UserController - Eichmann Simona
2011-04-07 20:08:11,228 [Thread-1] INFO  ch.hsr.waktu.controller.UserController - name0 firstname0
2011-04-07 20:08:11,228 [Thread-1] INFO  ch.hsr.waktu.controller.UserController - Heer Theo
2011-04-07 20:08:11,228 [Thread-1] INFO  ch.hsr.waktu.controller.UserController - Fisler dd
2011-04-07 20:08:11,228 [Thread-1] INFO  ch.hsr.waktu.controller.UserController - Testuser1 testuser2
2011-04-07 20:08:11,228 [Thread-1] INFO  ch.hsr.waktu.controller.UserController - Simoooon Stäheli
2011-04-07 20:08:11,253 [Thread-1] INFO  ch.hsr.waktu.controller.UserController - name0 Fredi
2011-04-07 20:08:11,253 [Thread-1] INFO  ch.hsr.waktu.controller.UserController - Eichmann Simona
2011-04-07 20:08:11,253 [Thread-1] INFO  ch.hsr.waktu.controller.UserController - name0 firstname0
2011-04-07 20:08:11,254 [Thread-1] INFO  ch.hsr.waktu.controller.UserController - Heer Theo
2011-04-07 20:08:11,254 [Thread-1] INFO  ch.hsr.waktu.controller.UserController - Fisler dd
2011-04-07 20:08:11,254 [Thread-1] INFO  ch.hsr.waktu.controller.UserController - Testuser1 testuser2
2011-04-07 20:08:11,254 [Thread-1] INFO  ch.hsr.waktu.controller.UserController - Simoooon Stäheli
2011-04-07 20:08:11,277 [Thread-1] INFO  ch.hsr.waktu.controller.UserController - name0 Fredi
2011-04-07 20:08:11,278 [Thread-1] INFO  ch.hsr.waktu.controller.UserController - Eichmann Simona
2011-04-07 20:08:11,278 [Thread-1] INFO  ch.hsr.waktu.controller.UserController - name0 firstname0
2011-04-07 20:08:11,278 [Thread-1] INFO  ch.hsr.waktu.controller.UserController - Heer Theo
2011-04-07 20:08:11,278 [Thread-1] INFO  ch.hsr.waktu.controller.UserController - Fisler dd
2011-04-07 20:08:11,278 [Thread-1] INFO  ch.hsr.waktu.controller.UserController - Testuser1 testuser2
2011-04-07 20:08:11,278 [Thread-1] INFO  ch.hsr.waktu.controller.UserController - Simoooon Stäheli
2011-04-07 20:08:11,302 [Thread-1] INFO  ch.hsr.waktu.controller.UserController - name0 Fredi
2011-04-07 20:08:11,302 [Thread-1] INFO  ch.hsr.waktu.controller.UserController - Eichmann Simona
2011-04-07 20:08:11,302 [Thread-1] INFO  ch.hsr.waktu.controller.UserController - name0 firstname0
2011-04-07 20:08:11,302 [Thread-1] INFO  ch.hsr.waktu.controller.UserController - Heer Theo
2011-04-07 20:08:11,302 [Thread-1] INFO  ch.hsr.waktu.controller.UserController - Fisler dd
2011-04-07 20:08:11,302 [Thread-1] INFO  ch.hsr.waktu.controller.UserController - Testuser1 testuser2
2011-04-07 20:08:11,302 [Thread-1] INFO  ch.hsr.waktu.controller.UserController - Simoooon Stäheli
2011-04-07 20:08:11,326 [Thread-1] INFO  ch.hsr.waktu.controller.UserController - name0 Fredi
2011-04-07 20:08:11,326 [Thread-1] INFO  ch.hsr.waktu.controller.UserController - Eichmann Simona
2011-04-07 20:08:11,326 [Thread-1] INFO  ch.hsr.waktu.controller.UserController - name0 firstname0
2011-04-07 20:08:11,326 [Thread-1] INFO  ch.hsr.waktu.controller.UserController - Heer Theo
2011-04-07 20:08:11,326 [Thread-1] INFO  ch.hsr.waktu.controller.UserController - Fisler dd
2011-04-07 20:08:11,326 [Thread-1] INFO  ch.hsr.waktu.controller.UserController - Testuser1 testuser2
2011-04-07 20:08:11,326 [Thread-1] INFO  ch.hsr.waktu.controller.UserController - Simoooon Stäheli
2011-04-07 20:08:11,349 [Thread-1] INFO  ch.hsr.waktu.controller.UserController - name0 Fredi
2011-04-07 20:08:11,349 [Thread-1] INFO  ch.hsr.waktu.controller.UserController - Eichmann Simona
2011-04-07 20:08:11,349 [Thread-1] INFO  ch.hsr.waktu.controller.UserController - name0 firstname0
2011-04-07 20:08:11,349 [Thread-1] INFO  ch.hsr.waktu.controller.UserController - Heer Theo
2011-04-07 20:08:11,349 [Thread-1] INFO  ch.hsr.waktu.controller.UserController - Fisler dd
2011-04-07 20:08:11,349 [Thread-1] INFO  ch.hsr.waktu.controller.UserController - Testuser1 testuser2
2011-04-07 20:08:11,349 [Thread-1] INFO  ch.hsr.waktu.controller.UserController - Simoooon Stäheli
2011-04-07 20:08:11,374 [Thread-1] INFO  ch.hsr.waktu.controller.UserController - name0 Fredi
2011-04-07 20:08:11,374 [Thread-1] INFO  ch.hsr.waktu.controller.UserController - Eichmann Simona
2011-04-07 20:08:11,374 [Thread-1] INFO  ch.hsr.waktu.controller.UserController - name0 firstname0
2011-04-07 20:08:11,374 [Thread-1] INFO  ch.hsr.waktu.controller.UserController - Heer Theo
2011-04-07 20:08:11,374 [Thread-1] INFO  ch.hsr.waktu.controller.UserController - Fisler dd
2011-04-07 20:08:11,374 [Thread-1] INFO  ch.hsr.waktu.controller.UserController - Testuser1 testuser2
2011-04-07 20:08:11,374 [Thread-1] INFO  ch.hsr.waktu.controller.UserController - Simoooon Stäheli
2011-04-07 20:08:11,398 [Thread-1] INFO  ch.hsr.waktu.controller.UserController - name0 Fredi
2011-04-07 20:08:11,398 [Thread-1] INFO  ch.hsr.waktu.controller.UserController - Eichmann Simona
2011-04-07 20:08:11,398 [Thread-1] INFO  ch.hsr.waktu.controller.UserController - name0 firstname0
2011-04-07 20:08:11,398 [Thread-1] INFO  ch.hsr.waktu.controller.UserController - Heer Theo
2011-04-07 20:08:11,398 [Thread-1] INFO  ch.hsr.waktu.controller.UserController - Fisler dd
2011-04-07 20:08:11,398 [Thread-1] INFO  ch.hsr.waktu.controller.UserController - Testuser1 testuser2
2011-04-07 20:08:11,398 [Thread-1] INFO  ch.hsr.waktu.controller.UserController - Simoooon Stäheli
2011-04-07 20:08:11,557 [Thread-1] INFO  ch.hsr.waktu.controller.UserController - name0 Fredi
2011-04-07 20:08:11,557 [Thread-1] INFO  ch.hsr.waktu.controller.UserController - Eichmann Simona
2011-04-07 20:08:11,557 [Thread-1] INFO  ch.hsr.waktu.controller.UserController - name0 firstname0
2011-04-07 20:08:11,557 [Thread-1] INFO  ch.hsr.waktu.controller.UserController - Heer Theo
2011-04-07 20:08:11,557 [Thread-1] INFO  ch.hsr.waktu.controller.UserController - Fisler dd
2011-04-07 20:08:11,557 [Thread-1] INFO  ch.hsr.waktu.controller.UserController - Testuser1 testuser2
2011-04-07 20:08:11,557 [Thread-1] INFO  ch.hsr.waktu.controller.UserController - Simoooon Stäheli
2011-04-07 20:08:11,582 [Thread-1] INFO  ch.hsr.waktu.controller.UserController - name0 Fredi
2011-04-07 20:08:11,582 [Thread-1] INFO  ch.hsr.waktu.controller.UserController - Eichmann Simona
2011-04-07 20:08:11,582 [Thread-1] INFO  ch.hsr.waktu.controller.UserController - name0 firstname0
2011-04-07 20:08:11,582 [Thread-1] INFO  ch.hsr.waktu.controller.UserController - Heer Theo
2011-04-07 20:08:11,582 [Thread-1] INFO  ch.hsr.waktu.controller.UserController - Fisler dd
2011-04-07 20:08:11,582 [Thread-1] INFO  ch.hsr.waktu.controller.UserController - Testuser1 testuser2
2011-04-07 20:08:11,582 [Thread-1] INFO  ch.hsr.waktu.controller.UserController - Simoooon Stäheli
2011-04-07 20:08:11,610 [Thread-1] INFO  ch.hsr.waktu.controller.UserController - name0 Fredi
2011-04-07 20:08:11,610 [Thread-1] INFO  ch.hsr.waktu.controller.UserController - Eichmann Simona
2011-04-07 20:08:11,610 [Thread-1] INFO  ch.hsr.waktu.controller.UserController - name0 firstname0
2011-04-07 20:08:11,610 [Thread-1] INFO  ch.hsr.waktu.controller.UserController - Heer Theo
2011-04-07 20:08:11,610 [Thread-1] INFO  ch.hsr.waktu.controller.UserController - Fisler dd
2011-04-07 20:08:11,610 [Thread-1] INFO  ch.hsr.waktu.controller.UserController - Testuser1 testuser2
2011-04-07 20:08:11,610 [Thread-1] INFO  ch.hsr.waktu.controller.UserController - Simoooon Stäheli
2011-04-07 20:08:11,633 [Thread-1] INFO  ch.hsr.waktu.controller.UserController - name0 Fredi
2011-04-07 20:08:11,634 [Thread-1] INFO  ch.hsr.waktu.controller.UserController - Eichmann Simona
2011-04-07 20:08:11,634 [Thread-1] INFO  ch.hsr.waktu.controller.UserController - name0 firstname0
2011-04-07 20:08:11,634 [Thread-1] INFO  ch.hsr.waktu.controller.UserController - Heer Theo
2011-04-07 20:08:11,634 [Thread-1] INFO  ch.hsr.waktu.controller.UserController - Fisler dd
2011-04-07 20:08:11,634 [Thread-1] INFO  ch.hsr.waktu.controller.UserController - Testuser1 testuser2
2011-04-07 20:08:11,634 [Thread-1] INFO  ch.hsr.waktu.controller.UserController - Simoooon Stäheli
2011-04-07 20:08:11,658 [Thread-1] INFO  ch.hsr.waktu.controller.UserController - name0 Fredi
2011-04-07 20:08:11,659 [Thread-1] INFO  ch.hsr.waktu.controller.UserController - Eichmann Simona
2011-04-07 20:08:11,659 [Thread-1] INFO  ch.hsr.waktu.controller.UserController - name0 firstname0
2011-04-07 20:08:11,659 [Thread-1] INFO  ch.hsr.waktu.controller.UserController - Heer Theo
2011-04-07 20:08:11,659 [Thread-1] INFO  ch.hsr.waktu.controller.UserController - Fisler dd
2011-04-07 20:08:11,659 [Thread-1] INFO  ch.hsr.waktu.controller.UserController - Testuser1 testuser2
2011-04-07 20:08:11,659 [Thread-1] INFO  ch.hsr.waktu.controller.UserController - Simoooon Stäheli
2011-04-07 20:08:11,683 [Thread-1] INFO  ch.hsr.waktu.controller.UserController - name0 Fredi
2011-04-07 20:08:11,683 [Thread-1] INFO  ch.hsr.waktu.controller.UserController - Eichmann Simona
2011-04-07 20:08:11,683 [Thread-1] INFO  ch.hsr.waktu.controller.UserController - name0 firstname0
2011-04-07 20:08:11,683 [Thread-1] INFO  ch.hsr.waktu.controller.UserController - Heer Theo
2011-04-07 20:08:11,683 [Thread-1] INFO  ch.hsr.waktu.controller.UserController - Fisler dd
2011-04-07 20:08:11,683 [Thread-1] INFO  ch.hsr.waktu.controller.UserController - Testuser1 testuser2
2011-04-07 20:08:11,683 [Thread-1] INFO  ch.hsr.waktu.controller.UserController - Simoooon Stäheli
2011-04-07 20:08:11,707 [Thread-1] INFO  ch.hsr.waktu.controller.UserController - name0 Fredi
2011-04-07 20:08:11,707 [Thread-1] INFO  ch.hsr.waktu.controller.UserController - Eichmann Simona
2011-04-07 20:08:11,707 [Thread-1] INFO  ch.hsr.waktu.controller.UserController - name0 firstname0
2011-04-07 20:08:11,707 [Thread-1] INFO  ch.hsr.waktu.controller.UserController - Heer Theo
2011-04-07 20:08:11,707 [Thread-1] INFO  ch.hsr.waktu.controller.UserController - Fisler dd
2011-04-07 20:08:11,707 [Thread-1] INFO  ch.hsr.waktu.controller.UserController - Testuser1 testuser2
2011-04-07 20:08:11,707 [Thread-1] INFO  ch.hsr.waktu.controller.UserController - Simoooon Stäheli
2011-04-07 20:08:11,732 [Thread-1] INFO  ch.hsr.waktu.controller.UserController - name0 Fredi
2011-04-07 20:08:11,732 [Thread-1] INFO  ch.hsr.waktu.controller.UserController - Eichmann Simona
2011-04-07 20:08:11,732 [Thread-1] INFO  ch.hsr.waktu.controller.UserController - name0 firstname0
2011-04-07 20:08:11,732 [Thread-1] INFO  ch.hsr.waktu.controller.UserController - Heer Theo
2011-04-07 20:08:11,732 [Thread-1] INFO  ch.hsr.waktu.controller.UserController - Fisler dd
2011-04-07 20:08:11,732 [Thread-1] INFO  ch.hsr.waktu.controller.UserController - Testuser1 testuser2
2011-04-07 20:08:11,732 [Thread-1] INFO  ch.hsr.waktu.controller.UserController - Simoooon Stäheli
2011-04-07 20:09:57,234 [Thread-1] INFO  root - Initialize Application
2011-04-07 20:10:11,411 [Thread-1] INFO  ch.hsr.waktu.controller.ProjectController - constructor
2011-04-07 20:10:13,257 [Thread-1] INFO  ch.hsr.waktu.controller.UserController - name0 Fredi
2011-04-07 20:10:13,257 [Thread-1] INFO  ch.hsr.waktu.controller.UserController - Eichmann Simona
2011-04-07 20:10:13,257 [Thread-1] INFO  ch.hsr.waktu.controller.UserController - name0 firstname0
2011-04-07 20:10:13,257 [Thread-1] INFO  ch.hsr.waktu.controller.UserController - Heer Theo
2011-04-07 20:10:13,257 [Thread-1] INFO  ch.hsr.waktu.controller.UserController - Fisler dd
2011-04-07 20:10:13,257 [Thread-1] INFO  ch.hsr.waktu.controller.UserController - Testuser1 testuser2
2011-04-07 20:10:13,258 [Thread-1] INFO  ch.hsr.waktu.controller.UserController - Simoooon Stäheli
2011-04-07 20:10:13,282 [Thread-1] INFO  ch.hsr.waktu.controller.UserController - name0 Fredi
2011-04-07 20:10:13,282 [Thread-1] INFO  ch.hsr.waktu.controller.UserController - Eichmann Simona
2011-04-07 20:10:13,282 [Thread-1] INFO  ch.hsr.waktu.controller.UserController - name0 firstname0
2011-04-07 20:10:13,282 [Thread-1] INFO  ch.hsr.waktu.controller.UserController - Heer Theo
2011-04-07 20:10:13,282 [Thread-1] INFO  ch.hsr.waktu.controller.UserController - Fisler dd
2011-04-07 20:10:13,282 [Thread-1] INFO  ch.hsr.waktu.controller.UserController - Testuser1 testuser2
2011-04-07 20:10:13,282 [Thread-1] INFO  ch.hsr.waktu.controller.UserController - Simoooon Stäheli
2011-04-07 20:10:13,305 [Thread-1] INFO  ch.hsr.waktu.controller.UserController - name0 Fredi
2011-04-07 20:10:13,305 [Thread-1] INFO  ch.hsr.waktu.controller.UserController - Eichmann Simona
2011-04-07 20:10:13,306 [Thread-1] INFO  ch.hsr.waktu.controller.UserController - name0 firstname0
2011-04-07 20:10:13,306 [Thread-1] INFO  ch.hsr.waktu.controller.UserController - Heer Theo
2011-04-07 20:10:13,306 [Thread-1] INFO  ch.hsr.waktu.controller.UserController - Fisler dd
2011-04-07 20:10:13,306 [Thread-1] INFO  ch.hsr.waktu.controller.UserController - Testuser1 testuser2
2011-04-07 20:10:13,306 [Thread-1] INFO  ch.hsr.waktu.controller.UserController - Simoooon Stäheli
2011-04-07 20:10:13,329 [Thread-1] INFO  ch.hsr.waktu.controller.UserController - name0 Fredi
2011-04-07 20:10:13,330 [Thread-1] INFO  ch.hsr.waktu.controller.UserController - Eichmann Simona
2011-04-07 20:10:13,330 [Thread-1] INFO  ch.hsr.waktu.controller.UserController - name0 firstname0
2011-04-07 20:10:13,330 [Thread-1] INFO  ch.hsr.waktu.controller.UserController - Heer Theo
2011-04-07 20:10:13,330 [Thread-1] INFO  ch.hsr.waktu.controller.UserController - Fisler dd
2011-04-07 20:10:13,330 [Thread-1] INFO  ch.hsr.waktu.controller.UserController - Testuser1 testuser2
2011-04-07 20:10:13,330 [Thread-1] INFO  ch.hsr.waktu.controller.UserController - Simoooon Stäheli
2011-04-07 20:10:13,353 [Thread-1] INFO  ch.hsr.waktu.controller.UserController - name0 Fredi
2011-04-07 20:10:13,353 [Thread-1] INFO  ch.hsr.waktu.controller.UserController - Eichmann Simona
2011-04-07 20:10:13,353 [Thread-1] INFO  ch.hsr.waktu.controller.UserController - name0 firstname0
2011-04-07 20:10:13,353 [Thread-1] INFO  ch.hsr.waktu.controller.UserController - Heer Theo
2011-04-07 20:10:13,353 [Thread-1] INFO  ch.hsr.waktu.controller.UserController - Fisler dd
2011-04-07 20:10:13,353 [Thread-1] INFO  ch.hsr.waktu.controller.UserController - Testuser1 testuser2
2011-04-07 20:10:13,353 [Thread-1] INFO  ch.hsr.waktu.controller.UserController - Simoooon Stäheli
2011-04-07 20:10:13,376 [Thread-1] INFO  ch.hsr.waktu.controller.UserController - name0 Fredi
2011-04-07 20:10:13,377 [Thread-1] INFO  ch.hsr.waktu.controller.UserController - Eichmann Simona
2011-04-07 20:10:13,377 [Thread-1] INFO  ch.hsr.waktu.controller.UserController - name0 firstname0
2011-04-07 20:10:13,377 [Thread-1] INFO  ch.hsr.waktu.controller.UserController - Heer Theo
2011-04-07 20:10:13,377 [Thread-1] INFO  ch.hsr.waktu.controller.UserController - Fisler dd
2011-04-07 20:10:13,377 [Thread-1] INFO  ch.hsr.waktu.controller.UserController - Testuser1 testuser2
2011-04-07 20:10:13,377 [Thread-1] INFO  ch.hsr.waktu.controller.UserController - Simoooon Stäheli
2011-04-07 20:10:13,405 [Thread-1] INFO  ch.hsr.waktu.controller.UserController - name0 Fredi
2011-04-07 20:10:13,405 [Thread-1] INFO  ch.hsr.waktu.controller.UserController - Eichmann Simona
2011-04-07 20:10:13,405 [Thread-1] INFO  ch.hsr.waktu.controller.UserController - name0 firstname0
2011-04-07 20:10:13,405 [Thread-1] INFO  ch.hsr.waktu.controller.UserController - Heer Theo
2011-04-07 20:10:13,406 [Thread-1] INFO  ch.hsr.waktu.controller.UserController - Fisler dd
2011-04-07 20:10:13,406 [Thread-1] INFO  ch.hsr.waktu.controller.UserController - Testuser1 testuser2
2011-04-07 20:10:13,406 [Thread-1] INFO  ch.hsr.waktu.controller.UserController - Simoooon Stäheli
2011-04-07 20:10:13,429 [Thread-1] INFO  ch.hsr.waktu.controller.UserController - name0 Fredi
2011-04-07 20:10:13,429 [Thread-1] INFO  ch.hsr.waktu.controller.UserController - Eichmann Simona
2011-04-07 20:10:13,429 [Thread-1] INFO  ch.hsr.waktu.controller.UserController - name0 firstname0
2011-04-07 20:10:13,429 [Thread-1] INFO  ch.hsr.waktu.controller.UserController - Heer Theo
2011-04-07 20:10:13,429 [Thread-1] INFO  ch.hsr.waktu.controller.UserController - Fisler dd
2011-04-07 20:10:13,430 [Thread-1] INFO  ch.hsr.waktu.controller.UserController - Testuser1 testuser2
2011-04-07 20:10:13,430 [Thread-1] INFO  ch.hsr.waktu.controller.UserController - Simoooon Stäheli
2011-04-07 20:10:39,310 [Thread-1] INFO  root - Initialize Application
2011-04-07 20:11:02,196 [Thread-1] INFO  ch.hsr.waktu.controller.ProjectController - constructor
2011-04-07 20:11:04,268 [Thread-1] INFO  ch.hsr.waktu.controller.UserController - name0 Fredi
2011-04-07 20:11:04,268 [Thread-1] INFO  ch.hsr.waktu.controller.UserController - Eichmann Simona
2011-04-07 20:11:04,269 [Thread-1] INFO  ch.hsr.waktu.controller.UserController - name0 firstname0
2011-04-07 20:11:04,269 [Thread-1] INFO  ch.hsr.waktu.controller.UserController - Heer Theo
2011-04-07 20:11:04,269 [Thread-1] INFO  ch.hsr.waktu.controller.UserController - Fisler dd
2011-04-07 20:11:04,269 [Thread-1] INFO  ch.hsr.waktu.controller.UserController - Testuser1 testuser2
2011-04-07 20:11:04,269 [Thread-1] INFO  ch.hsr.waktu.controller.UserController - Simoooon Stäheli
2011-04-07 20:11:04,293 [Thread-1] INFO  ch.hsr.waktu.controller.UserController - name0 Fredi
2011-04-07 20:11:04,293 [Thread-1] INFO  ch.hsr.waktu.controller.UserController - Eichmann Simona
2011-04-07 20:11:04,293 [Thread-1] INFO  ch.hsr.waktu.controller.UserController - name0 firstname0
2011-04-07 20:11:04,293 [Thread-1] INFO  ch.hsr.waktu.controller.UserController - Heer Theo
2011-04-07 20:11:04,293 [Thread-1] INFO  ch.hsr.waktu.controller.UserController - Fisler dd
2011-04-07 20:11:04,293 [Thread-1] INFO  ch.hsr.waktu.controller.UserController - Testuser1 testuser2
2011-04-07 20:11:04,294 [Thread-1] INFO  ch.hsr.waktu.controller.UserController - Simoooon Stäheli
2011-04-07 20:11:04,338 [Thread-1] INFO  ch.hsr.waktu.controller.UserController - name0 Fredi
2011-04-07 20:11:04,338 [Thread-1] INFO  ch.hsr.waktu.controller.UserController - Eichmann Simona
2011-04-07 20:11:04,338 [Thread-1] INFO  ch.hsr.waktu.controller.UserController - name0 firstname0
2011-04-07 20:11:04,338 [Thread-1] INFO  ch.hsr.waktu.controller.UserController - Heer Theo
2011-04-07 20:11:04,338 [Thread-1] INFO  ch.hsr.waktu.controller.UserController - Fisler dd
2011-04-07 20:11:04,338 [Thread-1] INFO  ch.hsr.waktu.controller.UserController - Testuser1 testuser2
2011-04-07 20:11:04,338 [Thread-1] INFO  ch.hsr.waktu.controller.UserController - Simoooon Stäheli
2011-04-07 20:11:04,410 [Thread-1] INFO  ch.hsr.waktu.controller.UserController - name0 Fredi
2011-04-07 20:11:04,410 [Thread-1] INFO  ch.hsr.waktu.controller.UserController - Eichmann Simona
2011-04-07 20:11:04,410 [Thread-1] INFO  ch.hsr.waktu.controller.UserController - name0 firstname0
2011-04-07 20:11:04,410 [Thread-1] INFO  ch.hsr.waktu.controller.UserController - Heer Theo
2011-04-07 20:11:04,410 [Thread-1] INFO  ch.hsr.waktu.controller.UserController - Fisler dd
2011-04-07 20:11:04,410 [Thread-1] INFO  ch.hsr.waktu.controller.UserController - Testuser1 testuser2
2011-04-07 20:11:04,410 [Thread-1] INFO  ch.hsr.waktu.controller.UserController - Simoooon Stäheli
2011-04-07 20:11:04,436 [Thread-1] INFO  ch.hsr.waktu.controller.UserController - name0 Fredi
2011-04-07 20:11:04,436 [Thread-1] INFO  ch.hsr.waktu.controller.UserController - Eichmann Simona
2011-04-07 20:11:04,436 [Thread-1] INFO  ch.hsr.waktu.controller.UserController - name0 firstname0
2011-04-07 20:11:04,436 [Thread-1] INFO  ch.hsr.waktu.controller.UserController - Heer Theo
2011-04-07 20:11:04,436 [Thread-1] INFO  ch.hsr.waktu.controller.UserController - Fisler dd
2011-04-07 20:11:04,436 [Thread-1] INFO  ch.hsr.waktu.controller.UserController - Testuser1 testuser2
2011-04-07 20:11:04,436 [Thread-1] INFO  ch.hsr.waktu.controller.UserController - Simoooon Stäheli
2011-04-07 20:11:04,465 [Thread-1] INFO  ch.hsr.waktu.controller.UserController - name0 Fredi
2011-04-07 20:11:04,465 [Thread-1] INFO  ch.hsr.waktu.controller.UserController - Eichmann Simona
2011-04-07 20:11:04,465 [Thread-1] INFO  ch.hsr.waktu.controller.UserController - name0 firstname0
2011-04-07 20:11:04,465 [Thread-1] INFO  ch.hsr.waktu.controller.UserController - Heer Theo
2011-04-07 20:11:04,465 [Thread-1] INFO  ch.hsr.waktu.controller.UserController - Fisler dd
2011-04-07 20:11:04,466 [Thread-1] INFO  ch.hsr.waktu.controller.UserController - Testuser1 testuser2
2011-04-07 20:11:04,466 [Thread-1] INFO  ch.hsr.waktu.controller.UserController - Simoooon Stäheli
2011-04-07 20:11:04,488 [Thread-1] INFO  ch.hsr.waktu.controller.UserController - name0 Fredi
2011-04-07 20:11:04,489 [Thread-1] INFO  ch.hsr.waktu.controller.UserController - Eichmann Simona
2011-04-07 20:11:04,489 [Thread-1] INFO  ch.hsr.waktu.controller.UserController - name0 firstname0
2011-04-07 20:11:04,489 [Thread-1] INFO  ch.hsr.waktu.controller.UserController - Heer Theo
2011-04-07 20:11:04,489 [Thread-1] INFO  ch.hsr.waktu.controller.UserController - Fisler dd
2011-04-07 20:11:04,489 [Thread-1] INFO  ch.hsr.waktu.controller.UserController - Testuser1 testuser2
2011-04-07 20:11:04,489 [Thread-1] INFO  ch.hsr.waktu.controller.UserController - Simoooon Stäheli
2011-04-07 20:11:04,527 [Thread-1] INFO  ch.hsr.waktu.controller.UserController - name0 Fredi
2011-04-07 20:11:04,528 [Thread-1] INFO  ch.hsr.waktu.controller.UserController - Eichmann Simona
2011-04-07 20:11:04,528 [Thread-1] INFO  ch.hsr.waktu.controller.UserController - name0 firstname0
2011-04-07 20:11:04,528 [Thread-1] INFO  ch.hsr.waktu.controller.UserController - Heer Theo
2011-04-07 20:11:04,528 [Thread-1] INFO  ch.hsr.waktu.controller.UserController - Fisler dd
2011-04-07 20:11:04,528 [Thread-1] INFO  ch.hsr.waktu.controller.UserController - Testuser1 testuser2
2011-04-07 20:11:04,528 [Thread-1] INFO  ch.hsr.waktu.controller.UserController - Simoooon Stäheli
2011-04-07 20:11:33,845 [Thread-1] INFO  root - Initialize Application
2011-04-07 20:11:39,751 [Thread-1] INFO  ch.hsr.waktu.controller.ProjectController - constructor
2011-04-07 20:11:41,669 [Thread-1] INFO  ch.hsr.waktu.controller.UserController - name0 Fredi
2011-04-07 20:11:41,669 [Thread-1] INFO  ch.hsr.waktu.controller.UserController - Eichmann Simona
2011-04-07 20:11:41,669 [Thread-1] INFO  ch.hsr.waktu.controller.UserController - name0 firstname0
2011-04-07 20:11:41,669 [Thread-1] INFO  ch.hsr.waktu.controller.UserController - Heer Theo
2011-04-07 20:11:41,669 [Thread-1] INFO  ch.hsr.waktu.controller.UserController - Fisler dd
2011-04-07 20:11:41,669 [Thread-1] INFO  ch.hsr.waktu.controller.UserController - Testuser1 testuser2
2011-04-07 20:11:41,669 [Thread-1] INFO  ch.hsr.waktu.controller.UserController - Simoooon Stäheli
2011-04-07 20:11:41,693 [Thread-1] INFO  ch.hsr.waktu.controller.UserController - name0 Fredi
2011-04-07 20:11:41,693 [Thread-1] INFO  ch.hsr.waktu.controller.UserController - Eichmann Simona
2011-04-07 20:11:41,693 [Thread-1] INFO  ch.hsr.waktu.controller.UserController - name0 firstname0
2011-04-07 20:11:41,693 [Thread-1] INFO  ch.hsr.waktu.controller.UserController - Heer Theo
2011-04-07 20:11:41,693 [Thread-1] INFO  ch.hsr.waktu.controller.UserController - Fisler dd
2011-04-07 20:11:41,693 [Thread-1] INFO  ch.hsr.waktu.controller.UserController - Testuser1 testuser2
2011-04-07 20:11:41,693 [Thread-1] INFO  ch.hsr.waktu.controller.UserController - Simoooon Stäheli
2011-04-07 20:11:41,717 [Thread-1] INFO  ch.hsr.waktu.controller.UserController - name0 Fredi
2011-04-07 20:11:41,717 [Thread-1] INFO  ch.hsr.waktu.controller.UserController - Eichmann Simona
2011-04-07 20:11:41,717 [Thread-1] INFO  ch.hsr.waktu.controller.UserController - name0 firstname0
2011-04-07 20:11:41,717 [Thread-1] INFO  ch.hsr.waktu.controller.UserController - Heer Theo
2011-04-07 20:11:41,718 [Thread-1] INFO  ch.hsr.waktu.controller.UserController - Fisler dd
2011-04-07 20:11:41,718 [Thread-1] INFO  ch.hsr.waktu.controller.UserController - Testuser1 testuser2
2011-04-07 20:11:41,718 [Thread-1] INFO  ch.hsr.waktu.controller.UserController - Simoooon Stäheli
2011-04-07 20:11:41,741 [Thread-1] INFO  ch.hsr.waktu.controller.UserController - name0 Fredi
2011-04-07 20:11:41,741 [Thread-1] INFO  ch.hsr.waktu.controller.UserController - Eichmann Simona
2011-04-07 20:11:41,741 [Thread-1] INFO  ch.hsr.waktu.controller.UserController - name0 firstname0
2011-04-07 20:11:41,741 [Thread-1] INFO  ch.hsr.waktu.controller.UserController - Heer Theo
2011-04-07 20:11:41,741 [Thread-1] INFO  ch.hsr.waktu.controller.UserController - Fisler dd
2011-04-07 20:11:41,741 [Thread-1] INFO  ch.hsr.waktu.controller.UserController - Testuser1 testuser2
2011-04-07 20:11:41,741 [Thread-1] INFO  ch.hsr.waktu.controller.UserController - Simoooon Stäheli
2011-04-07 20:11:41,765 [Thread-1] INFO  ch.hsr.waktu.controller.UserController - name0 Fredi
2011-04-07 20:11:41,765 [Thread-1] INFO  ch.hsr.waktu.controller.UserController - Eichmann Simona
2011-04-07 20:11:41,765 [Thread-1] INFO  ch.hsr.waktu.controller.UserController - name0 firstname0
2011-04-07 20:11:41,765 [Thread-1] INFO  ch.hsr.waktu.controller.UserController - Heer Theo
2011-04-07 20:11:41,765 [Thread-1] INFO  ch.hsr.waktu.controller.UserController - Fisler dd
2011-04-07 20:11:41,765 [Thread-1] INFO  ch.hsr.waktu.controller.UserController - Testuser1 testuser2
2011-04-07 20:11:41,765 [Thread-1] INFO  ch.hsr.waktu.controller.UserController - Simoooon Stäheli
2011-04-07 20:11:41,789 [Thread-1] INFO  ch.hsr.waktu.controller.UserController - name0 Fredi
2011-04-07 20:11:41,789 [Thread-1] INFO  ch.hsr.waktu.controller.UserController - Eichmann Simona
2011-04-07 20:11:41,789 [Thread-1] INFO  ch.hsr.waktu.controller.UserController - name0 firstname0
2011-04-07 20:11:41,789 [Thread-1] INFO  ch.hsr.waktu.controller.UserController - Heer Theo
2011-04-07 20:11:41,789 [Thread-1] INFO  ch.hsr.waktu.controller.UserController - Fisler dd
2011-04-07 20:11:41,789 [Thread-1] INFO  ch.hsr.waktu.controller.UserController - Testuser1 testuser2
2011-04-07 20:11:41,789 [Thread-1] INFO  ch.hsr.waktu.controller.UserController - Simoooon Stäheli
2011-04-07 20:11:41,813 [Thread-1] INFO  ch.hsr.waktu.controller.UserController - name0 Fredi
2011-04-07 20:11:41,813 [Thread-1] INFO  ch.hsr.waktu.controller.UserController - Eichmann Simona
2011-04-07 20:11:41,813 [Thread-1] INFO  ch.hsr.waktu.controller.UserController - name0 firstname0
2011-04-07 20:11:41,813 [Thread-1] INFO  ch.hsr.waktu.controller.UserController - Heer Theo
2011-04-07 20:11:41,813 [Thread-1] INFO  ch.hsr.waktu.controller.UserController - Fisler dd
2011-04-07 20:11:41,814 [Thread-1] INFO  ch.hsr.waktu.controller.UserController - Testuser1 testuser2
2011-04-07 20:11:41,814 [Thread-1] INFO  ch.hsr.waktu.controller.UserController - Simoooon Stäheli
2011-04-07 20:11:41,837 [Thread-1] INFO  ch.hsr.waktu.controller.UserController - name0 Fredi
2011-04-07 20:11:41,837 [Thread-1] INFO  ch.hsr.waktu.controller.UserController - Eichmann Simona
2011-04-07 20:11:41,837 [Thread-1] INFO  ch.hsr.waktu.controller.UserController - name0 firstname0
2011-04-07 20:11:41,837 [Thread-1] INFO  ch.hsr.waktu.controller.UserController - Heer Theo
2011-04-07 20:11:41,837 [Thread-1] INFO  ch.hsr.waktu.controller.UserController - Fisler dd
2011-04-07 20:11:41,837 [Thread-1] INFO  ch.hsr.waktu.controller.UserController - Testuser1 testuser2
2011-04-07 20:11:41,837 [Thread-1] INFO  ch.hsr.waktu.controller.UserController - Simoooon Stäheli
2011-04-07 20:12:08,488 [Thread-1] INFO  ch.hsr.waktu.controller.UserController - name0 Fredi
2011-04-07 20:12:08,489 [Thread-1] INFO  ch.hsr.waktu.controller.UserController - Eichmann Simona
2011-04-07 20:12:08,489 [Thread-1] INFO  ch.hsr.waktu.controller.UserController - name0 firstname0
2011-04-07 20:12:08,489 [Thread-1] INFO  ch.hsr.waktu.controller.UserController - Heer Theo
2011-04-07 20:12:08,489 [Thread-1] INFO  ch.hsr.waktu.controller.UserController - Fisler dd
2011-04-07 20:12:08,489 [Thread-1] INFO  ch.hsr.waktu.controller.UserController - Testuser1 testuser2
2011-04-07 20:12:08,489 [Thread-1] INFO  ch.hsr.waktu.controller.UserController - Simoooon Stäheli
2011-04-07 20:12:08,489 [Thread-1] INFO  ch.hsr.waktu.controller.UserController - hoi du
2011-04-07 20:12:08,514 [Thread-1] INFO  ch.hsr.waktu.controller.UserController - name0 Fredi
2011-04-07 20:12:08,514 [Thread-1] INFO  ch.hsr.waktu.controller.UserController - Eichmann Simona
2011-04-07 20:12:08,514 [Thread-1] INFO  ch.hsr.waktu.controller.UserController - name0 firstname0
2011-04-07 20:12:08,514 [Thread-1] INFO  ch.hsr.waktu.controller.UserController - Heer Theo
2011-04-07 20:12:08,514 [Thread-1] INFO  ch.hsr.waktu.controller.UserController - Fisler dd
2011-04-07 20:12:08,514 [Thread-1] INFO  ch.hsr.waktu.controller.UserController - Testuser1 testuser2
2011-04-07 20:12:08,514 [Thread-1] INFO  ch.hsr.waktu.controller.UserController - Simoooon Stäheli
2011-04-07 20:12:08,514 [Thread-1] INFO  ch.hsr.waktu.controller.UserController - hoi du
2011-04-07 20:12:08,539 [Thread-1] INFO  ch.hsr.waktu.controller.UserController - name0 Fredi
2011-04-07 20:12:08,539 [Thread-1] INFO  ch.hsr.waktu.controller.UserController - Eichmann Simona
2011-04-07 20:12:08,539 [Thread-1] INFO  ch.hsr.waktu.controller.UserController - name0 firstname0
2011-04-07 20:12:08,539 [Thread-1] INFO  ch.hsr.waktu.controller.UserController - Heer Theo
2011-04-07 20:12:08,539 [Thread-1] INFO  ch.hsr.waktu.controller.UserController - Fisler dd
2011-04-07 20:12:08,539 [Thread-1] INFO  ch.hsr.waktu.controller.UserController - Testuser1 testuser2
2011-04-07 20:12:08,539 [Thread-1] INFO  ch.hsr.waktu.controller.UserController - Simoooon Stäheli
2011-04-07 20:12:08,540 [Thread-1] INFO  ch.hsr.waktu.controller.UserController - hoi du
2011-04-07 20:12:08,564 [Thread-1] INFO  ch.hsr.waktu.controller.UserController - name0 Fredi
2011-04-07 20:12:08,564 [Thread-1] INFO  ch.hsr.waktu.controller.UserController - Eichmann Simona
2011-04-07 20:12:08,564 [Thread-1] INFO  ch.hsr.waktu.controller.UserController - name0 firstname0
2011-04-07 20:12:08,564 [Thread-1] INFO  ch.hsr.waktu.controller.UserController - Heer Theo
2011-04-07 20:12:08,564 [Thread-1] INFO  ch.hsr.waktu.controller.UserController - Fisler dd
2011-04-07 20:12:08,564 [Thread-1] INFO  ch.hsr.waktu.controller.UserController - Testuser1 testuser2
2011-04-07 20:12:08,564 [Thread-1] INFO  ch.hsr.waktu.controller.UserController - Simoooon Stäheli
2011-04-07 20:12:08,564 [Thread-1] INFO  ch.hsr.waktu.controller.UserController - hoi du
2011-04-07 20:12:08,589 [Thread-1] INFO  ch.hsr.waktu.controller.UserController - name0 Fredi
2011-04-07 20:12:08,589 [Thread-1] INFO  ch.hsr.waktu.controller.UserController - Eichmann Simona
2011-04-07 20:12:08,590 [Thread-1] INFO  ch.hsr.waktu.controller.UserController - name0 firstname0
2011-04-07 20:12:08,590 [Thread-1] INFO  ch.hsr.waktu.controller.UserController - Heer Theo
2011-04-07 20:12:08,590 [Thread-1] INFO  ch.hsr.waktu.controller.UserController - Fisler dd
2011-04-07 20:12:08,590 [Thread-1] INFO  ch.hsr.waktu.controller.UserController - Testuser1 testuser2
2011-04-07 20:12:08,590 [Thread-1] INFO  ch.hsr.waktu.controller.UserController - Simoooon Stäheli
2011-04-07 20:12:08,590 [Thread-1] INFO  ch.hsr.waktu.controller.UserController - hoi du
2011-04-07 20:12:08,616 [Thread-1] INFO  ch.hsr.waktu.controller.UserController - name0 Fredi
2011-04-07 20:12:08,616 [Thread-1] INFO  ch.hsr.waktu.controller.UserController - Eichmann Simona
2011-04-07 20:12:08,616 [Thread-1] INFO  ch.hsr.waktu.controller.UserController - name0 firstname0
2011-04-07 20:12:08,616 [Thread-1] INFO  ch.hsr.waktu.controller.UserController - Heer Theo
2011-04-07 20:12:08,616 [Thread-1] INFO  ch.hsr.waktu.controller.UserController - Fisler dd
2011-04-07 20:12:08,616 [Thread-1] INFO  ch.hsr.waktu.controller.UserController - Testuser1 testuser2
2011-04-07 20:12:08,616 [Thread-1] INFO  ch.hsr.waktu.controller.UserController - Simoooon Stäheli
2011-04-07 20:12:08,616 [Thread-1] INFO  ch.hsr.waktu.controller.UserController - hoi du
2011-04-07 20:12:08,674 [Thread-1] INFO  ch.hsr.waktu.controller.UserController - name0 Fredi
2011-04-07 20:12:08,674 [Thread-1] INFO  ch.hsr.waktu.controller.UserController - Eichmann Simona
2011-04-07 20:12:08,674 [Thread-1] INFO  ch.hsr.waktu.controller.UserController - name0 firstname0
2011-04-07 20:12:08,674 [Thread-1] INFO  ch.hsr.waktu.controller.UserController - Heer Theo
2011-04-07 20:12:08,674 [Thread-1] INFO  ch.hsr.waktu.controller.UserController - Fisler dd
2011-04-07 20:12:08,674 [Thread-1] INFO  ch.hsr.waktu.controller.UserController - Testuser1 testuser2
2011-04-07 20:12:08,674 [Thread-1] INFO  ch.hsr.waktu.controller.UserController - Simoooon Stäheli
2011-04-07 20:12:08,674 [Thread-1] INFO  ch.hsr.waktu.controller.UserController - hoi du
2011-04-07 20:12:08,701 [Thread-1] INFO  ch.hsr.waktu.controller.UserController - name0 Fredi
2011-04-07 20:12:08,702 [Thread-1] INFO  ch.hsr.waktu.controller.UserController - Eichmann Simona
2011-04-07 20:12:08,702 [Thread-1] INFO  ch.hsr.waktu.controller.UserController - name0 firstname0
2011-04-07 20:12:08,702 [Thread-1] INFO  ch.hsr.waktu.controller.UserController - Heer Theo
2011-04-07 20:12:08,702 [Thread-1] INFO  ch.hsr.waktu.controller.UserController - Fisler dd
2011-04-07 20:12:08,702 [Thread-1] INFO  ch.hsr.waktu.controller.UserController - Testuser1 testuser2
2011-04-07 20:12:08,702 [Thread-1] INFO  ch.hsr.waktu.controller.UserController - Simoooon Stäheli
2011-04-07 20:12:08,702 [Thread-1] INFO  ch.hsr.waktu.controller.UserController - hoi du
2011-04-07 20:12:08,727 [Thread-1] INFO  ch.hsr.waktu.controller.UserController - name0 Fredi
2011-04-07 20:12:08,727 [Thread-1] INFO  ch.hsr.waktu.controller.UserController - Eichmann Simona
2011-04-07 20:12:08,727 [Thread-1] INFO  ch.hsr.waktu.controller.UserController - name0 firstname0
2011-04-07 20:12:08,727 [Thread-1] INFO  ch.hsr.waktu.controller.UserController - Heer Theo
2011-04-07 20:12:08,727 [Thread-1] INFO  ch.hsr.waktu.controller.UserController - Fisler dd
2011-04-07 20:12:08,727 [Thread-1] INFO  ch.hsr.waktu.controller.UserController - Testuser1 testuser2
2011-04-07 20:12:08,727 [Thread-1] INFO  ch.hsr.waktu.controller.UserController - Simoooon Stäheli
2011-04-07 20:12:08,727 [Thread-1] INFO  ch.hsr.waktu.controller.UserController - hoi du
2011-04-07 20:12:22,266 [Thread-1] INFO  ch.hsr.waktu.controller.UserController - name0 Fredi
2011-04-07 20:12:22,266 [Thread-1] INFO  ch.hsr.waktu.controller.UserController - Eichmann Simona
2011-04-07 20:12:22,266 [Thread-1] INFO  ch.hsr.waktu.controller.UserController - name0 firstname0
2011-04-07 20:12:22,266 [Thread-1] INFO  ch.hsr.waktu.controller.UserController - Heer Theo
2011-04-07 20:12:22,266 [Thread-1] INFO  ch.hsr.waktu.controller.UserController - Fisler dd
2011-04-07 20:12:22,266 [Thread-1] INFO  ch.hsr.waktu.controller.UserController - Testuser1 testuser2
2011-04-07 20:12:22,266 [Thread-1] INFO  ch.hsr.waktu.controller.UserController - Simoooon Stäheli
2011-04-07 20:12:22,266 [Thread-1] INFO  ch.hsr.waktu.controller.UserController - hoi du
2011-04-07 20:12:22,292 [Thread-1] INFO  ch.hsr.waktu.controller.UserController - name0 Fredi
2011-04-07 20:12:22,292 [Thread-1] INFO  ch.hsr.waktu.controller.UserController - Eichmann Simona
2011-04-07 20:12:22,292 [Thread-1] INFO  ch.hsr.waktu.controller.UserController - name0 firstname0
2011-04-07 20:12:22,292 [Thread-1] INFO  ch.hsr.waktu.controller.UserController - Heer Theo
2011-04-07 20:12:22,292 [Thread-1] INFO  ch.hsr.waktu.controller.UserController - Fisler dd
2011-04-07 20:12:22,292 [Thread-1] INFO  ch.hsr.waktu.controller.UserController - Testuser1 testuser2
2011-04-07 20:12:22,292 [Thread-1] INFO  ch.hsr.waktu.controller.UserController - Simoooon Stäheli
2011-04-07 20:12:22,292 [Thread-1] INFO  ch.hsr.waktu.controller.UserController - hoi du
2011-04-07 20:12:22,320 [Thread-1] INFO  ch.hsr.waktu.controller.UserController - name0 Fredi
2011-04-07 20:12:22,320 [Thread-1] INFO  ch.hsr.waktu.controller.UserController - Eichmann Simona
2011-04-07 20:12:22,321 [Thread-1] INFO  ch.hsr.waktu.controller.UserController - name0 firstname0
2011-04-07 20:12:22,321 [Thread-1] INFO  ch.hsr.waktu.controller.UserController - Heer Theo
2011-04-07 20:12:22,321 [Thread-1] INFO  ch.hsr.waktu.controller.UserController - Fisler dd
2011-04-07 20:12:22,322 [Thread-1] INFO  ch.hsr.waktu.controller.UserController - Testuser1 testuser2
2011-04-07 20:12:22,322 [Thread-1] INFO  ch.hsr.waktu.controller.UserController - Simoooon Stäheli
2011-04-07 20:12:22,322 [Thread-1] INFO  ch.hsr.waktu.controller.UserController - hoi du
2011-04-07 20:12:22,349 [Thread-1] INFO  ch.hsr.waktu.controller.UserController - name0 Fredi
2011-04-07 20:12:22,349 [Thread-1] INFO  ch.hsr.waktu.controller.UserController - Eichmann Simona
2011-04-07 20:12:22,349 [Thread-1] INFO  ch.hsr.waktu.controller.UserController - name0 firstname0
2011-04-07 20:12:22,349 [Thread-1] INFO  ch.hsr.waktu.controller.UserController - Heer Theo
2011-04-07 20:12:22,349 [Thread-1] INFO  ch.hsr.waktu.controller.UserController - Fisler dd
2011-04-07 20:12:22,349 [Thread-1] INFO  ch.hsr.waktu.controller.UserController - Testuser1 testuser2
2011-04-07 20:12:22,349 [Thread-1] INFO  ch.hsr.waktu.controller.UserController - Simoooon Stäheli
2011-04-07 20:12:22,349 [Thread-1] INFO  ch.hsr.waktu.controller.UserController - hoi du
2011-04-07 20:12:22,372 [Thread-1] INFO  ch.hsr.waktu.controller.UserController - name0 Fredi
2011-04-07 20:12:22,372 [Thread-1] INFO  ch.hsr.waktu.controller.UserController - Eichmann Simona
2011-04-07 20:12:22,372 [Thread-1] INFO  ch.hsr.waktu.controller.UserController - name0 firstname0
2011-04-07 20:12:22,372 [Thread-1] INFO  ch.hsr.waktu.controller.UserController - Heer Theo
2011-04-07 20:12:22,372 [Thread-1] INFO  ch.hsr.waktu.controller.UserController - Fisler dd
2011-04-07 20:12:22,372 [Thread-1] INFO  ch.hsr.waktu.controller.UserController - Testuser1 testuser2
2011-04-07 20:12:22,372 [Thread-1] INFO  ch.hsr.waktu.controller.UserController - Simoooon Stäheli
2011-04-07 20:12:22,372 [Thread-1] INFO  ch.hsr.waktu.controller.UserController - hoi du
2011-04-07 20:12:22,400 [Thread-1] INFO  ch.hsr.waktu.controller.UserController - name0 Fredi
2011-04-07 20:12:22,400 [Thread-1] INFO  ch.hsr.waktu.controller.UserController - Eichmann Simona
2011-04-07 20:12:22,400 [Thread-1] INFO  ch.hsr.waktu.controller.UserController - name0 firstname0
2011-04-07 20:12:22,400 [Thread-1] INFO  ch.hsr.waktu.controller.UserController - Heer Theo
2011-04-07 20:12:22,400 [Thread-1] INFO  ch.hsr.waktu.controller.UserController - Fisler dd
2011-04-07 20:12:22,400 [Thread-1] INFO  ch.hsr.waktu.controller.UserController - Testuser1 testuser2
2011-04-07 20:12:22,400 [Thread-1] INFO  ch.hsr.waktu.controller.UserController - Simoooon Stäheli
2011-04-07 20:12:22,400 [Thread-1] INFO  ch.hsr.waktu.controller.UserController - hoi du
2011-04-07 20:12:22,427 [Thread-1] INFO  ch.hsr.waktu.controller.UserController - name0 Fredi
2011-04-07 20:12:22,427 [Thread-1] INFO  ch.hsr.waktu.controller.UserController - Eichmann Simona
2011-04-07 20:12:22,427 [Thread-1] INFO  ch.hsr.waktu.controller.UserController - name0 firstname0
2011-04-07 20:12:22,427 [Thread-1] INFO  ch.hsr.waktu.controller.UserController - Heer Theo
2011-04-07 20:12:22,427 [Thread-1] INFO  ch.hsr.waktu.controller.UserController - Fisler dd
2011-04-07 20:12:22,427 [Thread-1] INFO  ch.hsr.waktu.controller.UserController - Testuser1 testuser2
2011-04-07 20:12:22,427 [Thread-1] INFO  ch.hsr.waktu.controller.UserController - Simoooon Stäheli
2011-04-07 20:12:22,427 [Thread-1] INFO  ch.hsr.waktu.controller.UserController - hoi du
2011-04-07 20:12:22,451 [Thread-1] INFO  ch.hsr.waktu.controller.UserController - name0 Fredi
2011-04-07 20:12:22,451 [Thread-1] INFO  ch.hsr.waktu.controller.UserController - Eichmann Simona
2011-04-07 20:12:22,451 [Thread-1] INFO  ch.hsr.waktu.controller.UserController - name0 firstname0
2011-04-07 20:12:22,451 [Thread-1] INFO  ch.hsr.waktu.controller.UserController - Heer Theo
2011-04-07 20:12:22,451 [Thread-1] INFO  ch.hsr.waktu.controller.UserController - Fisler dd
2011-04-07 20:12:22,451 [Thread-1] INFO  ch.hsr.waktu.controller.UserController - Testuser1 testuser2
2011-04-07 20:12:22,451 [Thread-1] INFO  ch.hsr.waktu.controller.UserController - Simoooon Stäheli
2011-04-07 20:12:22,452 [Thread-1] INFO  ch.hsr.waktu.controller.UserController - hoi du
2011-04-07 20:12:22,477 [Thread-1] INFO  ch.hsr.waktu.controller.UserController - name0 Fredi
2011-04-07 20:12:22,477 [Thread-1] INFO  ch.hsr.waktu.controller.UserController - Eichmann Simona
2011-04-07 20:12:22,477 [Thread-1] INFO  ch.hsr.waktu.controller.UserController - name0 firstname0
2011-04-07 20:12:22,477 [Thread-1] INFO  ch.hsr.waktu.controller.UserController - Heer Theo
2011-04-07 20:12:22,477 [Thread-1] INFO  ch.hsr.waktu.controller.UserController - Fisler dd
2011-04-07 20:12:22,477 [Thread-1] INFO  ch.hsr.waktu.controller.UserController - Testuser1 testuser2
2011-04-07 20:12:22,477 [Thread-1] INFO  ch.hsr.waktu.controller.UserController - Simoooon Stäheli
2011-04-07 20:12:22,477 [Thread-1] INFO  ch.hsr.waktu.controller.UserController - hoi du
2011-04-07 20:13:43,573 [Thread-1] INFO  root - Initialize Application
2011-04-07 20:13:48,367 [Thread-1] INFO  ch.hsr.waktu.controller.ProjectController - constructor
2011-04-07 20:13:50,341 [Thread-1] INFO  ch.hsr.waktu.controller.UserController - name0 Fredi
2011-04-07 20:13:50,341 [Thread-1] INFO  ch.hsr.waktu.controller.UserController - Eichmann Simona
2011-04-07 20:13:50,341 [Thread-1] INFO  ch.hsr.waktu.controller.UserController - name0 firstname0
2011-04-07 20:13:50,341 [Thread-1] INFO  ch.hsr.waktu.controller.UserController - Heer Theo
2011-04-07 20:13:50,341 [Thread-1] INFO  ch.hsr.waktu.controller.UserController - Fisler dd
2011-04-07 20:13:50,341 [Thread-1] INFO  ch.hsr.waktu.controller.UserController - Testuser1 testuser2
2011-04-07 20:13:50,341 [Thread-1] INFO  ch.hsr.waktu.controller.UserController - Simoooon Stäheli
2011-04-07 20:13:50,341 [Thread-1] INFO  ch.hsr.waktu.controller.UserController - hoi du
2011-04-07 20:13:50,365 [Thread-1] INFO  ch.hsr.waktu.controller.UserController - name0 Fredi
2011-04-07 20:13:50,365 [Thread-1] INFO  ch.hsr.waktu.controller.UserController - Eichmann Simona
2011-04-07 20:13:50,365 [Thread-1] INFO  ch.hsr.waktu.controller.UserController - name0 firstname0
2011-04-07 20:13:50,365 [Thread-1] INFO  ch.hsr.waktu.controller.UserController - Heer Theo
2011-04-07 20:13:50,365 [Thread-1] INFO  ch.hsr.waktu.controller.UserController - Fisler dd
2011-04-07 20:13:50,365 [Thread-1] INFO  ch.hsr.waktu.controller.UserController - Testuser1 testuser2
2011-04-07 20:13:50,365 [Thread-1] INFO  ch.hsr.waktu.controller.UserController - Simoooon Stäheli
2011-04-07 20:13:50,365 [Thread-1] INFO  ch.hsr.waktu.controller.UserController - hoi du
2011-04-07 20:13:50,398 [Thread-1] INFO  ch.hsr.waktu.controller.UserController - name0 Fredi
2011-04-07 20:13:50,398 [Thread-1] INFO  ch.hsr.waktu.controller.UserController - Eichmann Simona
2011-04-07 20:13:50,398 [Thread-1] INFO  ch.hsr.waktu.controller.UserController - name0 firstname0
2011-04-07 20:13:50,398 [Thread-1] INFO  ch.hsr.waktu.controller.UserController - Heer Theo
2011-04-07 20:13:50,398 [Thread-1] INFO  ch.hsr.waktu.controller.UserController - Fisler dd
2011-04-07 20:13:50,398 [Thread-1] INFO  ch.hsr.waktu.controller.UserController - Testuser1 testuser2
2011-04-07 20:13:50,399 [Thread-1] INFO  ch.hsr.waktu.controller.UserController - Simoooon Stäheli
2011-04-07 20:13:50,399 [Thread-1] INFO  ch.hsr.waktu.controller.UserController - hoi du
2011-04-07 20:13:50,423 [Thread-1] INFO  ch.hsr.waktu.controller.UserController - name0 Fredi
2011-04-07 20:13:50,423 [Thread-1] INFO  ch.hsr.waktu.controller.UserController - Eichmann Simona
2011-04-07 20:13:50,423 [Thread-1] INFO  ch.hsr.waktu.controller.UserController - name0 firstname0
2011-04-07 20:13:50,423 [Thread-1] INFO  ch.hsr.waktu.controller.UserController - Heer Theo
2011-04-07 20:13:50,423 [Thread-1] INFO  ch.hsr.waktu.controller.UserController - Fisler dd
2011-04-07 20:13:50,423 [Thread-1] INFO  ch.hsr.waktu.controller.UserController - Testuser1 testuser2
2011-04-07 20:13:50,423 [Thread-1] INFO  ch.hsr.waktu.controller.UserController - Simoooon Stäheli
2011-04-07 20:13:50,423 [Thread-1] INFO  ch.hsr.waktu.controller.UserController - hoi du
2011-04-07 20:13:50,448 [Thread-1] INFO  ch.hsr.waktu.controller.UserController - name0 Fredi
2011-04-07 20:13:50,448 [Thread-1] INFO  ch.hsr.waktu.controller.UserController - Eichmann Simona
2011-04-07 20:13:50,448 [Thread-1] INFO  ch.hsr.waktu.controller.UserController - name0 firstname0
2011-04-07 20:13:50,448 [Thread-1] INFO  ch.hsr.waktu.controller.UserController - Heer Theo
2011-04-07 20:13:50,448 [Thread-1] INFO  ch.hsr.waktu.controller.UserController - Fisler dd
2011-04-07 20:13:50,448 [Thread-1] INFO  ch.hsr.waktu.controller.UserController - Testuser1 testuser2
2011-04-07 20:13:50,448 [Thread-1] INFO  ch.hsr.waktu.controller.UserController - Simoooon Stäheli
2011-04-07 20:13:50,448 [Thread-1] INFO  ch.hsr.waktu.controller.UserController - hoi du
2011-04-07 20:13:50,472 [Thread-1] INFO  ch.hsr.waktu.controller.UserController - name0 Fredi
2011-04-07 20:13:50,472 [Thread-1] INFO  ch.hsr.waktu.controller.UserController - Eichmann Simona
2011-04-07 20:13:50,472 [Thread-1] INFO  ch.hsr.waktu.controller.UserController - name0 firstname0
2011-04-07 20:13:50,472 [Thread-1] INFO  ch.hsr.waktu.controller.UserController - Heer Theo
2011-04-07 20:13:50,472 [Thread-1] INFO  ch.hsr.waktu.controller.UserController - Fisler dd
2011-04-07 20:13:50,473 [Thread-1] INFO  ch.hsr.waktu.controller.UserController - Testuser1 testuser2
2011-04-07 20:13:50,473 [Thread-1] INFO  ch.hsr.waktu.controller.UserController - Simoooon Stäheli
2011-04-07 20:13:50,473 [Thread-1] INFO  ch.hsr.waktu.controller.UserController - hoi du
2011-04-07 20:13:50,496 [Thread-1] INFO  ch.hsr.waktu.controller.UserController - name0 Fredi
2011-04-07 20:13:50,496 [Thread-1] INFO  ch.hsr.waktu.controller.UserController - Eichmann Simona
2011-04-07 20:13:50,496 [Thread-1] INFO  ch.hsr.waktu.controller.UserController - name0 firstname0
2011-04-07 20:13:50,496 [Thread-1] INFO  ch.hsr.waktu.controller.UserController - Heer Theo
2011-04-07 20:13:50,496 [Thread-1] INFO  ch.hsr.waktu.controller.UserController - Fisler dd
2011-04-07 20:13:50,497 [Thread-1] INFO  ch.hsr.waktu.controller.UserController - Testuser1 testuser2
2011-04-07 20:13:50,497 [Thread-1] INFO  ch.hsr.waktu.controller.UserController - Simoooon Stäheli
2011-04-07 20:13:50,497 [Thread-1] INFO  ch.hsr.waktu.controller.UserController - hoi du
2011-04-07 20:13:50,521 [Thread-1] INFO  ch.hsr.waktu.controller.UserController - name0 Fredi
2011-04-07 20:13:50,521 [Thread-1] INFO  ch.hsr.waktu.controller.UserController - Eichmann Simona
2011-04-07 20:13:50,521 [Thread-1] INFO  ch.hsr.waktu.controller.UserController - name0 firstname0
2011-04-07 20:13:50,521 [Thread-1] INFO  ch.hsr.waktu.controller.UserController - Heer Theo
2011-04-07 20:13:50,521 [Thread-1] INFO  ch.hsr.waktu.controller.UserController - Fisler dd
2011-04-07 20:13:50,521 [Thread-1] INFO  ch.hsr.waktu.controller.UserController - Testuser1 testuser2
2011-04-07 20:13:50,521 [Thread-1] INFO  ch.hsr.waktu.controller.UserController - Simoooon Stäheli
2011-04-07 20:13:50,521 [Thread-1] INFO  ch.hsr.waktu.controller.UserController - hoi du
2011-04-07 20:13:50,546 [Thread-1] INFO  ch.hsr.waktu.controller.UserController - name0 Fredi
2011-04-07 20:13:50,546 [Thread-1] INFO  ch.hsr.waktu.controller.UserController - Eichmann Simona
2011-04-07 20:13:50,546 [Thread-1] INFO  ch.hsr.waktu.controller.UserController - name0 firstname0
2011-04-07 20:13:50,546 [Thread-1] INFO  ch.hsr.waktu.controller.UserController - Heer Theo
2011-04-07 20:13:50,546 [Thread-1] INFO  ch.hsr.waktu.controller.UserController - Fisler dd
2011-04-07 20:13:50,546 [Thread-1] INFO  ch.hsr.waktu.controller.UserController - Testuser1 testuser2
2011-04-07 20:13:50,547 [Thread-1] INFO  ch.hsr.waktu.controller.UserController - Simoooon Stäheli
2011-04-07 20:13:50,547 [Thread-1] INFO  ch.hsr.waktu.controller.UserController - hoi du
